Warning: you requested the nanomsg event logger, but bmv2 was compiled without -DBMELOG, and the event logger cannot be activated
Calling target program-options parser
[08:36:20.784] [bmv2] [D] [thread 27893] Set default default entry for table 'MyIngress.forward': NoAction - 
Adding interface s1-eth1 as port 1
[08:36:20.785] [bmv2] [D] [thread 27893] Adding interface s1-eth1 as port 1
Adding interface s1-eth2 as port 2
[08:36:20.822] [bmv2] [D] [thread 27893] Adding interface s1-eth2 as port 2
[08:36:20.846] [bmv2] [I] [thread 27893] Starting Thrift server on port 9090
[08:36:20.846] [bmv2] [I] [thread 27893] Thrift server was started
[08:36:20.969] [bmv2] [D] [thread 27899] [0.0] [cxt 0] Processing packet received on port 2
[08:36:20.969] [bmv2] [D] [thread 27899] [0.0] [cxt 0] Parser 'parser': start
[08:36:20.969] [bmv2] [D] [thread 27899] [0.0] [cxt 0] Parser 'parser' entering state 'start'
[08:36:20.969] [bmv2] [D] [thread 27899] [0.0] [cxt 0] Parser state 'start' has no switch, going to default next state
[08:36:20.969] [bmv2] [T] [thread 27899] [0.0] [cxt 0] Bytes parsed: 0
[08:36:20.969] [bmv2] [D] [thread 27899] [0.0] [cxt 0] Parser 'parser': end
[08:36:20.969] [bmv2] [D] [thread 27899] [0.0] [cxt 0] Pipeline 'ingress': start
[08:36:20.969] [bmv2] [T] [thread 27899] [0.0] [cxt 0] Applying table 'MyIngress.forward'
[08:36:20.969] [bmv2] [D] [thread 27899] [0.0] [cxt 0] Looking up key:
* standard_metadata.ingress_port: 0002

[08:36:20.970] [bmv2] [D] [thread 27899] [0.0] [cxt 0] Table 'MyIngress.forward': miss
[08:36:20.970] [bmv2] [D] [thread 27899] [0.0] [cxt 0] Action entry is NoAction - 
[08:36:20.970] [bmv2] [T] [thread 27899] [0.0] [cxt 0] Action NoAction
[08:36:20.970] [bmv2] [D] [thread 27899] [0.0] [cxt 0] Pipeline 'ingress': end
[08:36:20.970] [bmv2] [D] [thread 27899] [0.0] [cxt 0] Egress port is 0
[08:36:20.970] [bmv2] [D] [thread 27900] [0.0] [cxt 0] Pipeline 'egress': start
[08:36:20.970] [bmv2] [D] [thread 27900] [0.0] [cxt 0] Pipeline 'egress': end
[08:36:20.970] [bmv2] [D] [thread 27900] [0.0] [cxt 0] Deparser 'deparser': start
[08:36:20.970] [bmv2] [D] [thread 27900] [0.0] [cxt 0] Deparser 'deparser': end
[08:36:20.970] [bmv2] [D] [thread 27904] [0.0] [cxt 0] Transmitting packet of size 78 out of port 0
[08:36:20.995] [bmv2] [D] [thread 27899] [1.0] [cxt 0] Processing packet received on port 1
[08:36:20.995] [bmv2] [D] [thread 27899] [1.0] [cxt 0] Parser 'parser': start
[08:36:20.995] [bmv2] [D] [thread 27899] [1.0] [cxt 0] Parser 'parser' entering state 'start'
[08:36:20.995] [bmv2] [D] [thread 27899] [1.0] [cxt 0] Parser state 'start' has no switch, going to default next state
[08:36:20.995] [bmv2] [T] [thread 27899] [1.0] [cxt 0] Bytes parsed: 0
[08:36:20.995] [bmv2] [D] [thread 27899] [1.0] [cxt 0] Parser 'parser': end
[08:36:20.995] [bmv2] [D] [thread 27899] [1.0] [cxt 0] Pipeline 'ingress': start
[08:36:20.996] [bmv2] [T] [thread 27899] [1.0] [cxt 0] Applying table 'MyIngress.forward'
[08:36:20.996] [bmv2] [D] [thread 27899] [1.0] [cxt 0] Looking up key:
* standard_metadata.ingress_port: 0001

[08:36:20.996] [bmv2] [D] [thread 27899] [1.0] [cxt 0] Table 'MyIngress.forward': miss
[08:36:20.996] [bmv2] [D] [thread 27899] [1.0] [cxt 0] Action entry is NoAction - 
[08:36:20.996] [bmv2] [T] [thread 27899] [1.0] [cxt 0] Action NoAction
[08:36:20.996] [bmv2] [D] [thread 27899] [1.0] [cxt 0] Pipeline 'ingress': end
[08:36:20.996] [bmv2] [D] [thread 27899] [1.0] [cxt 0] Egress port is 0
[08:36:20.996] [bmv2] [D] [thread 27900] [1.0] [cxt 0] Pipeline 'egress': start
[08:36:20.996] [bmv2] [D] [thread 27900] [1.0] [cxt 0] Pipeline 'egress': end
[08:36:20.996] [bmv2] [D] [thread 27900] [1.0] [cxt 0] Deparser 'deparser': start
[08:36:20.996] [bmv2] [D] [thread 27900] [1.0] [cxt 0] Deparser 'deparser': end
[08:36:20.997] [bmv2] [D] [thread 27904] [1.0] [cxt 0] Transmitting packet of size 90 out of port 0
[08:36:21.393] [bmv2] [D] [thread 27899] [2.0] [cxt 0] Processing packet received on port 2
[08:36:21.393] [bmv2] [D] [thread 27899] [2.0] [cxt 0] Parser 'parser': start
[08:36:21.393] [bmv2] [D] [thread 27899] [2.0] [cxt 0] Parser 'parser' entering state 'start'
[08:36:21.393] [bmv2] [D] [thread 27899] [2.0] [cxt 0] Parser state 'start' has no switch, going to default next state
[08:36:21.393] [bmv2] [T] [thread 27899] [2.0] [cxt 0] Bytes parsed: 0
[08:36:21.394] [bmv2] [D] [thread 27899] [2.0] [cxt 0] Parser 'parser': end
[08:36:21.394] [bmv2] [D] [thread 27899] [2.0] [cxt 0] Pipeline 'ingress': start
[08:36:21.394] [bmv2] [T] [thread 27899] [2.0] [cxt 0] Applying table 'MyIngress.forward'
[08:36:21.394] [bmv2] [D] [thread 27899] [2.0] [cxt 0] Looking up key:
* standard_metadata.ingress_port: 0002

[08:36:21.394] [bmv2] [D] [thread 27899] [2.0] [cxt 0] Table 'MyIngress.forward': miss
[08:36:21.394] [bmv2] [D] [thread 27899] [2.0] [cxt 0] Action entry is NoAction - 
[08:36:21.394] [bmv2] [T] [thread 27899] [2.0] [cxt 0] Action NoAction
[08:36:21.394] [bmv2] [D] [thread 27899] [2.0] [cxt 0] Pipeline 'ingress': end
[08:36:21.394] [bmv2] [D] [thread 27899] [2.0] [cxt 0] Egress port is 0
[08:36:21.394] [bmv2] [D] [thread 27900] [2.0] [cxt 0] Pipeline 'egress': start
[08:36:21.394] [bmv2] [D] [thread 27900] [2.0] [cxt 0] Pipeline 'egress': end
[08:36:21.394] [bmv2] [D] [thread 27900] [2.0] [cxt 0] Deparser 'deparser': start
[08:36:21.394] [bmv2] [D] [thread 27900] [2.0] [cxt 0] Deparser 'deparser': end
[08:36:21.395] [bmv2] [D] [thread 27904] [2.0] [cxt 0] Transmitting packet of size 90 out of port 0
[08:36:21.795] [bmv2] [D] [thread 27899] [3.0] [cxt 0] Processing packet received on port 1
[08:36:21.795] [bmv2] [D] [thread 27899] [3.0] [cxt 0] Parser 'parser': start
[08:36:21.795] [bmv2] [D] [thread 27899] [3.0] [cxt 0] Parser 'parser' entering state 'start'
[08:36:21.795] [bmv2] [D] [thread 27899] [3.0] [cxt 0] Parser state 'start' has no switch, going to default next state
[08:36:21.795] [bmv2] [T] [thread 27899] [3.0] [cxt 0] Bytes parsed: 0
[08:36:21.795] [bmv2] [D] [thread 27899] [3.0] [cxt 0] Parser 'parser': end
[08:36:21.795] [bmv2] [D] [thread 27899] [3.0] [cxt 0] Pipeline 'ingress': start
[08:36:21.795] [bmv2] [T] [thread 27899] [3.0] [cxt 0] Applying table 'MyIngress.forward'
[08:36:21.796] [bmv2] [D] [thread 27899] [3.0] [cxt 0] Looking up key:
* standard_metadata.ingress_port: 0001

[08:36:21.796] [bmv2] [D] [thread 27899] [3.0] [cxt 0] Table 'MyIngress.forward': miss
[08:36:21.796] [bmv2] [D] [thread 27899] [3.0] [cxt 0] Action entry is NoAction - 
[08:36:21.796] [bmv2] [T] [thread 27899] [3.0] [cxt 0] Action NoAction
[08:36:21.796] [bmv2] [D] [thread 27899] [3.0] [cxt 0] Pipeline 'ingress': end
[08:36:21.796] [bmv2] [D] [thread 27899] [3.0] [cxt 0] Egress port is 0
[08:36:21.796] [bmv2] [D] [thread 27899] [4.0] [cxt 0] Processing packet received on port 1
[08:36:21.796] [bmv2] [D] [thread 27899] [4.0] [cxt 0] Parser 'parser': start
[08:36:21.796] [bmv2] [D] [thread 27899] [4.0] [cxt 0] Parser 'parser' entering state 'start'
[08:36:21.796] [bmv2] [D] [thread 27899] [4.0] [cxt 0] Parser state 'start' has no switch, going to default next state
[08:36:21.796] [bmv2] [T] [thread 27899] [4.0] [cxt 0] Bytes parsed: 0
[08:36:21.796] [bmv2] [D] [thread 27899] [4.0] [cxt 0] Parser 'parser': end
[08:36:21.796] [bmv2] [D] [thread 27900] [3.0] [cxt 0] Pipeline 'egress': start
[08:36:21.796] [bmv2] [D] [thread 27899] [4.0] [cxt 0] Pipeline 'ingress': start
[08:36:21.796] [bmv2] [T] [thread 27899] [4.0] [cxt 0] Applying table 'MyIngress.forward'
[08:36:21.796] [bmv2] [D] [thread 27899] [4.0] [cxt 0] Looking up key:
* standard_metadata.ingress_port: 0001

[08:36:21.797] [bmv2] [D] [thread 27899] [4.0] [cxt 0] Table 'MyIngress.forward': miss
[08:36:21.797] [bmv2] [D] [thread 27899] [4.0] [cxt 0] Action entry is NoAction - 
[08:36:21.797] [bmv2] [T] [thread 27899] [4.0] [cxt 0] Action NoAction
[08:36:21.797] [bmv2] [D] [thread 27899] [4.0] [cxt 0] Pipeline 'ingress': end
[08:36:21.797] [bmv2] [D] [thread 27899] [4.0] [cxt 0] Egress port is 0
[08:36:21.796] [bmv2] [D] [thread 27900] [3.0] [cxt 0] Pipeline 'egress': end
[08:36:21.797] [bmv2] [D] [thread 27900] [3.0] [cxt 0] Deparser 'deparser': start
[08:36:21.798] [bmv2] [D] [thread 27900] [3.0] [cxt 0] Deparser 'deparser': end
[08:36:21.798] [bmv2] [D] [thread 27900] [4.0] [cxt 0] Pipeline 'egress': start
[08:36:21.798] [bmv2] [D] [thread 27900] [4.0] [cxt 0] Pipeline 'egress': end
[08:36:21.798] [bmv2] [D] [thread 27900] [4.0] [cxt 0] Deparser 'deparser': start
[08:36:21.798] [bmv2] [D] [thread 27900] [4.0] [cxt 0] Deparser 'deparser': end
[08:36:21.798] [bmv2] [D] [thread 27904] [3.0] [cxt 0] Transmitting packet of size 90 out of port 0
[08:36:21.798] [bmv2] [D] [thread 27904] [4.0] [cxt 0] Transmitting packet of size 70 out of port 0
[08:37:09.053] [bmv2] [T] [thread 28016] bm_get_config
[08:38:51.513] [bmv2] [T] [thread 28016] bm_table_add_entry
[08:38:51.514] [bmv2] [D] [thread 28016] Entry 0 added to table 'MyIngress.forward'
[08:38:51.514] [bmv2] [D] [thread 28016] Dumping entry 0
Match key:
* standard_metadata.ingress_port: EXACT     0001
Action entry: MyIngress.set_egress_specs - 2,

[08:38:55.983] [bmv2] [T] [thread 28016] bm_table_add_entry
[08:38:55.983] [bmv2] [D] [thread 28016] Entry 1 added to table 'MyIngress.forward'
[08:38:55.983] [bmv2] [D] [thread 28016] Dumping entry 1
Match key:
* standard_metadata.ingress_port: EXACT     0002
Action entry: MyIngress.set_egress_specs - 1,

[08:39:12.655] [bmv2] [D] [thread 27899] [5.0] [cxt 0] Processing packet received on port 2
[08:39:12.655] [bmv2] [D] [thread 27899] [5.0] [cxt 0] Parser 'parser': start
[08:39:12.655] [bmv2] [D] [thread 27899] [5.0] [cxt 0] Parser 'parser' entering state 'start'
[08:39:12.655] [bmv2] [D] [thread 27899] [5.0] [cxt 0] Parser state 'start' has no switch, going to default next state
[08:39:12.655] [bmv2] [T] [thread 27899] [5.0] [cxt 0] Bytes parsed: 0
[08:39:12.655] [bmv2] [D] [thread 27899] [5.0] [cxt 0] Parser 'parser': end
[08:39:12.655] [bmv2] [D] [thread 27899] [5.0] [cxt 0] Pipeline 'ingress': start
[08:39:12.655] [bmv2] [T] [thread 27899] [5.0] [cxt 0] Applying table 'MyIngress.forward'
[08:39:12.655] [bmv2] [D] [thread 27899] [5.0] [cxt 0] Looking up key:
* standard_metadata.ingress_port: 0002

[08:39:12.655] [bmv2] [D] [thread 27899] [5.0] [cxt 0] Table 'MyIngress.forward': hit with handle 1
[08:39:12.655] [bmv2] [D] [thread 27899] [5.0] [cxt 0] Dumping entry 1
Match key:
* standard_metadata.ingress_port: EXACT     0002
Action entry: MyIngress.set_egress_specs - 1,

[08:39:12.655] [bmv2] [D] [thread 27899] [5.0] [cxt 0] Action entry is MyIngress.set_egress_specs - 1,
[08:39:12.655] [bmv2] [T] [thread 27899] [5.0] [cxt 0] Action MyIngress.set_egress_specs
[08:39:12.655] [bmv2] [T] [thread 27899] [5.0] [cxt 0] repeater.p4(52) Primitive standard_metadata.egress_spec = egress_port
[08:39:12.655] [bmv2] [D] [thread 27899] [5.0] [cxt 0] Pipeline 'ingress': end
[08:39:12.655] [bmv2] [D] [thread 27899] [5.0] [cxt 0] Egress port is 1
[08:39:12.655] [bmv2] [D] [thread 27901] [5.0] [cxt 0] Pipeline 'egress': start
[08:39:12.655] [bmv2] [D] [thread 27901] [5.0] [cxt 0] Pipeline 'egress': end
[08:39:12.655] [bmv2] [D] [thread 27901] [5.0] [cxt 0] Deparser 'deparser': start
[08:39:12.655] [bmv2] [D] [thread 27901] [5.0] [cxt 0] Deparser 'deparser': end
[08:39:12.655] [bmv2] [D] [thread 27904] [5.0] [cxt 0] Transmitting packet of size 39 out of port 1
[08:39:12.657] [bmv2] [D] [thread 27899] [6.0] [cxt 0] Processing packet received on port 1
[08:39:12.657] [bmv2] [D] [thread 27899] [6.0] [cxt 0] Parser 'parser': start
[08:39:12.657] [bmv2] [D] [thread 27899] [6.0] [cxt 0] Parser 'parser' entering state 'start'
[08:39:12.657] [bmv2] [D] [thread 27899] [6.0] [cxt 0] Parser state 'start' has no switch, going to default next state
[08:39:12.657] [bmv2] [T] [thread 27899] [6.0] [cxt 0] Bytes parsed: 0
[08:39:12.657] [bmv2] [D] [thread 27899] [6.0] [cxt 0] Parser 'parser': end
[08:39:12.657] [bmv2] [D] [thread 27899] [6.0] [cxt 0] Pipeline 'ingress': start
[08:39:12.657] [bmv2] [T] [thread 27899] [6.0] [cxt 0] Applying table 'MyIngress.forward'
[08:39:12.657] [bmv2] [D] [thread 27899] [6.0] [cxt 0] Looking up key:
* standard_metadata.ingress_port: 0001

[08:39:12.657] [bmv2] [D] [thread 27899] [6.0] [cxt 0] Table 'MyIngress.forward': hit with handle 0
[08:39:12.657] [bmv2] [D] [thread 27899] [6.0] [cxt 0] Dumping entry 0
Match key:
* standard_metadata.ingress_port: EXACT     0001
Action entry: MyIngress.set_egress_specs - 2,

[08:39:12.658] [bmv2] [D] [thread 27899] [6.0] [cxt 0] Action entry is MyIngress.set_egress_specs - 2,
[08:39:12.658] [bmv2] [T] [thread 27899] [6.0] [cxt 0] Action MyIngress.set_egress_specs
[08:39:12.658] [bmv2] [T] [thread 27899] [6.0] [cxt 0] repeater.p4(52) Primitive standard_metadata.egress_spec = egress_port
[08:39:12.658] [bmv2] [D] [thread 27899] [6.0] [cxt 0] Pipeline 'ingress': end
[08:39:12.658] [bmv2] [D] [thread 27899] [6.0] [cxt 0] Egress port is 2
[08:39:12.658] [bmv2] [D] [thread 27902] [6.0] [cxt 0] Pipeline 'egress': start
[08:39:12.658] [bmv2] [D] [thread 27902] [6.0] [cxt 0] Pipeline 'egress': end
[08:39:12.658] [bmv2] [D] [thread 27902] [6.0] [cxt 0] Deparser 'deparser': start
[08:39:12.658] [bmv2] [D] [thread 27902] [6.0] [cxt 0] Deparser 'deparser': end
[08:39:12.658] [bmv2] [D] [thread 27904] [6.0] [cxt 0] Transmitting packet of size 67 out of port 2
