Warning: you requested the nanomsg event logger, but bmv2 was compiled without -DBMELOG, and the event logger cannot be activated
Calling target program-options parser
[08:33:55.017] [bmv2] [D] [thread 27344] Set default default entry for table 'tbl_repeater75': repeater75 - 
[08:33:55.017] [bmv2] [D] [thread 27344] Set default default entry for table 'tbl_repeater79': repeater79 - 
Adding interface s1-eth1 as port 1
[08:33:55.018] [bmv2] [D] [thread 27344] Adding interface s1-eth1 as port 1
Adding interface s1-eth2 as port 2
[08:33:55.044] [bmv2] [D] [thread 27344] Adding interface s1-eth2 as port 2
[08:33:55.067] [bmv2] [I] [thread 27344] Starting Thrift server on port 9090
[08:33:55.067] [bmv2] [I] [thread 27344] Thrift server was started
[08:33:55.069] [bmv2] [D] [thread 27350] [0.0] [cxt 0] Processing packet received on port 1
[08:33:55.069] [bmv2] [D] [thread 27350] [0.0] [cxt 0] Parser 'parser': start
[08:33:55.069] [bmv2] [D] [thread 27350] [0.0] [cxt 0] Parser 'parser' entering state 'start'
[08:33:55.069] [bmv2] [D] [thread 27350] [0.0] [cxt 0] Parser state 'start' has no switch, going to default next state
[08:33:55.069] [bmv2] [T] [thread 27350] [0.0] [cxt 0] Bytes parsed: 0
[08:33:55.069] [bmv2] [D] [thread 27350] [0.0] [cxt 0] Parser 'parser': end
[08:33:55.069] [bmv2] [D] [thread 27350] [0.0] [cxt 0] Pipeline 'ingress': start
[08:33:55.069] [bmv2] [T] [thread 27350] [0.0] [cxt 0] repeater.p4(74) Condition "standard_metadata.ingress_port == 1" (node_2) is true
[08:33:55.069] [bmv2] [T] [thread 27350] [0.0] [cxt 0] Applying table 'tbl_repeater75'
[08:33:55.069] [bmv2] [D] [thread 27350] [0.0] [cxt 0] Looking up key:

[08:33:55.069] [bmv2] [D] [thread 27350] [0.0] [cxt 0] Table 'tbl_repeater75': miss
[08:33:55.069] [bmv2] [D] [thread 27350] [0.0] [cxt 0] Action entry is repeater75 - 
[08:33:55.069] [bmv2] [T] [thread 27350] [0.0] [cxt 0] Action repeater75
[08:33:55.069] [bmv2] [T] [thread 27350] [0.0] [cxt 0] repeater.p4(75) Primitive standard_metadata.egress_spec = 2
[08:33:55.069] [bmv2] [D] [thread 27350] [0.0] [cxt 0] Pipeline 'ingress': end
[08:33:55.069] [bmv2] [D] [thread 27350] [0.0] [cxt 0] Egress port is 2
[08:33:55.069] [bmv2] [D] [thread 27353] [0.0] [cxt 0] Pipeline 'egress': start
[08:33:55.069] [bmv2] [D] [thread 27353] [0.0] [cxt 0] Pipeline 'egress': end
[08:33:55.069] [bmv2] [D] [thread 27353] [0.0] [cxt 0] Deparser 'deparser': start
[08:33:55.069] [bmv2] [D] [thread 27353] [0.0] [cxt 0] Deparser 'deparser': end
[08:33:55.069] [bmv2] [D] [thread 27355] [0.0] [cxt 0] Transmitting packet of size 90 out of port 2
[08:33:55.291] [bmv2] [D] [thread 27350] [1.0] [cxt 0] Processing packet received on port 2
[08:33:55.291] [bmv2] [D] [thread 27350] [1.0] [cxt 0] Parser 'parser': start
[08:33:55.292] [bmv2] [D] [thread 27350] [1.0] [cxt 0] Parser 'parser' entering state 'start'
[08:33:55.292] [bmv2] [D] [thread 27350] [1.0] [cxt 0] Parser state 'start' has no switch, going to default next state
[08:33:55.292] [bmv2] [T] [thread 27350] [1.0] [cxt 0] Bytes parsed: 0
[08:33:55.292] [bmv2] [D] [thread 27350] [1.0] [cxt 0] Parser 'parser': end
[08:33:55.292] [bmv2] [D] [thread 27350] [1.0] [cxt 0] Pipeline 'ingress': start
[08:33:55.292] [bmv2] [T] [thread 27350] [1.0] [cxt 0] repeater.p4(74) Condition "standard_metadata.ingress_port == 1" (node_2) is false
[08:33:55.292] [bmv2] [T] [thread 27350] [1.0] [cxt 0] Applying table 'tbl_repeater79'
[08:33:55.292] [bmv2] [D] [thread 27350] [1.0] [cxt 0] Looking up key:

[08:33:55.292] [bmv2] [D] [thread 27350] [1.0] [cxt 0] Table 'tbl_repeater79': miss
[08:33:55.292] [bmv2] [D] [thread 27350] [1.0] [cxt 0] Action entry is repeater79 - 
[08:33:55.292] [bmv2] [T] [thread 27350] [1.0] [cxt 0] Action repeater79
[08:33:55.292] [bmv2] [T] [thread 27350] [1.0] [cxt 0] repeater.p4(79) Primitive standard_metadata.egress_spec = 1
[08:33:55.292] [bmv2] [D] [thread 27350] [1.0] [cxt 0] Pipeline 'ingress': end
[08:33:55.292] [bmv2] [D] [thread 27350] [1.0] [cxt 0] Egress port is 1
[08:33:55.293] [bmv2] [D] [thread 27352] [1.0] [cxt 0] Pipeline 'egress': start
[08:33:55.293] [bmv2] [D] [thread 27352] [1.0] [cxt 0] Pipeline 'egress': end
[08:33:55.293] [bmv2] [D] [thread 27352] [1.0] [cxt 0] Deparser 'deparser': start
[08:33:55.293] [bmv2] [D] [thread 27352] [1.0] [cxt 0] Deparser 'deparser': end
[08:33:55.293] [bmv2] [D] [thread 27355] [1.0] [cxt 0] Transmitting packet of size 78 out of port 1
[08:33:55.530] [bmv2] [D] [thread 27350] [2.0] [cxt 0] Processing packet received on port 2
[08:33:55.530] [bmv2] [D] [thread 27350] [2.0] [cxt 0] Parser 'parser': start
[08:33:55.530] [bmv2] [D] [thread 27350] [2.0] [cxt 0] Parser 'parser' entering state 'start'
[08:33:55.531] [bmv2] [D] [thread 27350] [2.0] [cxt 0] Parser state 'start' has no switch, going to default next state
[08:33:55.531] [bmv2] [T] [thread 27350] [2.0] [cxt 0] Bytes parsed: 0
[08:33:55.531] [bmv2] [D] [thread 27350] [2.0] [cxt 0] Parser 'parser': end
[08:33:55.531] [bmv2] [D] [thread 27350] [2.0] [cxt 0] Pipeline 'ingress': start
[08:33:55.531] [bmv2] [T] [thread 27350] [2.0] [cxt 0] repeater.p4(74) Condition "standard_metadata.ingress_port == 1" (node_2) is false
[08:33:55.531] [bmv2] [T] [thread 27350] [2.0] [cxt 0] Applying table 'tbl_repeater79'
[08:33:55.531] [bmv2] [D] [thread 27350] [2.0] [cxt 0] Looking up key:

[08:33:55.531] [bmv2] [D] [thread 27350] [2.0] [cxt 0] Table 'tbl_repeater79': miss
[08:33:55.531] [bmv2] [D] [thread 27350] [2.0] [cxt 0] Action entry is repeater79 - 
[08:33:55.531] [bmv2] [T] [thread 27350] [2.0] [cxt 0] Action repeater79
[08:33:55.531] [bmv2] [T] [thread 27350] [2.0] [cxt 0] repeater.p4(79) Primitive standard_metadata.egress_spec = 1
[08:33:55.531] [bmv2] [D] [thread 27350] [2.0] [cxt 0] Pipeline 'ingress': end
[08:33:55.531] [bmv2] [D] [thread 27350] [2.0] [cxt 0] Egress port is 1
[08:33:55.532] [bmv2] [D] [thread 27352] [2.0] [cxt 0] Pipeline 'egress': start
[08:33:55.532] [bmv2] [D] [thread 27352] [2.0] [cxt 0] Pipeline 'egress': end
[08:33:55.532] [bmv2] [D] [thread 27352] [2.0] [cxt 0] Deparser 'deparser': start
[08:33:55.532] [bmv2] [D] [thread 27352] [2.0] [cxt 0] Deparser 'deparser': end
[08:33:55.532] [bmv2] [D] [thread 27355] [2.0] [cxt 0] Transmitting packet of size 90 out of port 1
[08:33:55.989] [bmv2] [D] [thread 27350] [3.0] [cxt 0] Processing packet received on port 1
[08:33:55.989] [bmv2] [D] [thread 27350] [3.0] [cxt 0] Parser 'parser': start
[08:33:55.989] [bmv2] [D] [thread 27350] [3.0] [cxt 0] Parser 'parser' entering state 'start'
[08:33:55.989] [bmv2] [D] [thread 27350] [3.0] [cxt 0] Parser state 'start' has no switch, going to default next state
[08:33:55.989] [bmv2] [T] [thread 27350] [3.0] [cxt 0] Bytes parsed: 0
[08:33:55.989] [bmv2] [D] [thread 27350] [3.0] [cxt 0] Parser 'parser': end
[08:33:55.989] [bmv2] [D] [thread 27350] [3.0] [cxt 0] Pipeline 'ingress': start
[08:33:55.989] [bmv2] [T] [thread 27350] [3.0] [cxt 0] repeater.p4(74) Condition "standard_metadata.ingress_port == 1" (node_2) is true
[08:33:55.989] [bmv2] [T] [thread 27350] [3.0] [cxt 0] Applying table 'tbl_repeater75'
[08:33:55.989] [bmv2] [D] [thread 27350] [3.0] [cxt 0] Looking up key:

[08:33:55.989] [bmv2] [D] [thread 27350] [3.0] [cxt 0] Table 'tbl_repeater75': miss
[08:33:55.989] [bmv2] [D] [thread 27350] [3.0] [cxt 0] Action entry is repeater75 - 
[08:33:55.989] [bmv2] [T] [thread 27350] [3.0] [cxt 0] Action repeater75
[08:33:55.989] [bmv2] [T] [thread 27350] [3.0] [cxt 0] repeater.p4(75) Primitive standard_metadata.egress_spec = 2
[08:33:55.989] [bmv2] [D] [thread 27350] [3.0] [cxt 0] Pipeline 'ingress': end
[08:33:55.990] [bmv2] [D] [thread 27350] [3.0] [cxt 0] Egress port is 2
[08:33:55.990] [bmv2] [D] [thread 27350] [4.0] [cxt 0] Processing packet received on port 1
[08:33:55.990] [bmv2] [D] [thread 27350] [4.0] [cxt 0] Parser 'parser': start
[08:33:55.990] [bmv2] [D] [thread 27350] [4.0] [cxt 0] Parser 'parser' entering state 'start'
[08:33:55.990] [bmv2] [D] [thread 27353] [3.0] [cxt 0] Pipeline 'egress': start
[08:33:55.990] [bmv2] [D] [thread 27353] [3.0] [cxt 0] Pipeline 'egress': end
[08:33:55.990] [bmv2] [D] [thread 27350] [4.0] [cxt 0] Parser state 'start' has no switch, going to default next state
[08:33:55.990] [bmv2] [D] [thread 27353] [3.0] [cxt 0] Deparser 'deparser': start
[08:33:55.990] [bmv2] [T] [thread 27350] [4.0] [cxt 0] Bytes parsed: 0
[08:33:55.990] [bmv2] [D] [thread 27353] [3.0] [cxt 0] Deparser 'deparser': end
[08:33:55.990] [bmv2] [D] [thread 27350] [4.0] [cxt 0] Parser 'parser': end
[08:33:55.990] [bmv2] [D] [thread 27355] [3.0] [cxt 0] Transmitting packet of size 90 out of port 2
[08:33:55.990] [bmv2] [D] [thread 27350] [4.0] [cxt 0] Pipeline 'ingress': start
[08:33:55.990] [bmv2] [T] [thread 27350] [4.0] [cxt 0] repeater.p4(74) Condition "standard_metadata.ingress_port == 1" (node_2) is true
[08:33:55.990] [bmv2] [T] [thread 27350] [4.0] [cxt 0] Applying table 'tbl_repeater75'
[08:33:55.990] [bmv2] [D] [thread 27350] [4.0] [cxt 0] Looking up key:

[08:33:55.990] [bmv2] [D] [thread 27350] [4.0] [cxt 0] Table 'tbl_repeater75': miss
[08:33:55.990] [bmv2] [D] [thread 27350] [4.0] [cxt 0] Action entry is repeater75 - 
[08:33:55.991] [bmv2] [T] [thread 27350] [4.0] [cxt 0] Action repeater75
[08:33:55.991] [bmv2] [T] [thread 27350] [4.0] [cxt 0] repeater.p4(75) Primitive standard_metadata.egress_spec = 2
[08:33:55.991] [bmv2] [D] [thread 27350] [4.0] [cxt 0] Pipeline 'ingress': end
[08:33:55.991] [bmv2] [D] [thread 27350] [4.0] [cxt 0] Egress port is 2
[08:33:55.991] [bmv2] [D] [thread 27353] [4.0] [cxt 0] Pipeline 'egress': start
[08:33:55.991] [bmv2] [D] [thread 27353] [4.0] [cxt 0] Pipeline 'egress': end
[08:33:55.991] [bmv2] [D] [thread 27353] [4.0] [cxt 0] Deparser 'deparser': start
[08:33:55.991] [bmv2] [D] [thread 27353] [4.0] [cxt 0] Deparser 'deparser': end
[08:33:55.991] [bmv2] [D] [thread 27355] [4.0] [cxt 0] Transmitting packet of size 70 out of port 2
[08:34:26.043] [bmv2] [D] [thread 27350] [5.0] [cxt 0] Processing packet received on port 2
[08:34:26.043] [bmv2] [D] [thread 27350] [5.0] [cxt 0] Parser 'parser': start
[08:34:26.043] [bmv2] [D] [thread 27350] [5.0] [cxt 0] Parser 'parser' entering state 'start'
[08:34:26.043] [bmv2] [D] [thread 27350] [5.0] [cxt 0] Parser state 'start' has no switch, going to default next state
[08:34:26.043] [bmv2] [T] [thread 27350] [5.0] [cxt 0] Bytes parsed: 0
[08:34:26.043] [bmv2] [D] [thread 27350] [5.0] [cxt 0] Parser 'parser': end
[08:34:26.043] [bmv2] [D] [thread 27350] [5.0] [cxt 0] Pipeline 'ingress': start
[08:34:26.043] [bmv2] [T] [thread 27350] [5.0] [cxt 0] repeater.p4(74) Condition "standard_metadata.ingress_port == 1" (node_2) is false
[08:34:26.043] [bmv2] [T] [thread 27350] [5.0] [cxt 0] Applying table 'tbl_repeater79'
[08:34:26.043] [bmv2] [D] [thread 27350] [5.0] [cxt 0] Looking up key:

[08:34:26.043] [bmv2] [D] [thread 27350] [5.0] [cxt 0] Table 'tbl_repeater79': miss
[08:34:26.043] [bmv2] [D] [thread 27350] [5.0] [cxt 0] Action entry is repeater79 - 
[08:34:26.043] [bmv2] [T] [thread 27350] [5.0] [cxt 0] Action repeater79
[08:34:26.043] [bmv2] [T] [thread 27350] [5.0] [cxt 0] repeater.p4(79) Primitive standard_metadata.egress_spec = 1
[08:34:26.043] [bmv2] [D] [thread 27350] [5.0] [cxt 0] Pipeline 'ingress': end
[08:34:26.043] [bmv2] [D] [thread 27350] [5.0] [cxt 0] Egress port is 1
[08:34:26.043] [bmv2] [D] [thread 27352] [5.0] [cxt 0] Pipeline 'egress': start
[08:34:26.043] [bmv2] [D] [thread 27352] [5.0] [cxt 0] Pipeline 'egress': end
[08:34:26.043] [bmv2] [D] [thread 27352] [5.0] [cxt 0] Deparser 'deparser': start
[08:34:26.043] [bmv2] [D] [thread 27352] [5.0] [cxt 0] Deparser 'deparser': end
[08:34:26.043] [bmv2] [D] [thread 27355] [5.0] [cxt 0] Transmitting packet of size 39 out of port 1
[08:34:26.044] [bmv2] [D] [thread 27350] [6.0] [cxt 0] Processing packet received on port 1
[08:34:26.044] [bmv2] [D] [thread 27350] [6.0] [cxt 0] Parser 'parser': start
[08:34:26.044] [bmv2] [D] [thread 27350] [6.0] [cxt 0] Parser 'parser' entering state 'start'
[08:34:26.044] [bmv2] [D] [thread 27350] [6.0] [cxt 0] Parser state 'start' has no switch, going to default next state
[08:34:26.044] [bmv2] [T] [thread 27350] [6.0] [cxt 0] Bytes parsed: 0
[08:34:26.044] [bmv2] [D] [thread 27350] [6.0] [cxt 0] Parser 'parser': end
[08:34:26.044] [bmv2] [D] [thread 27350] [6.0] [cxt 0] Pipeline 'ingress': start
[08:34:26.044] [bmv2] [T] [thread 27350] [6.0] [cxt 0] repeater.p4(74) Condition "standard_metadata.ingress_port == 1" (node_2) is true
[08:34:26.044] [bmv2] [T] [thread 27350] [6.0] [cxt 0] Applying table 'tbl_repeater75'
[08:34:26.044] [bmv2] [D] [thread 27350] [6.0] [cxt 0] Looking up key:

[08:34:26.044] [bmv2] [D] [thread 27350] [6.0] [cxt 0] Table 'tbl_repeater75': miss
[08:34:26.044] [bmv2] [D] [thread 27350] [6.0] [cxt 0] Action entry is repeater75 - 
[08:34:26.044] [bmv2] [T] [thread 27350] [6.0] [cxt 0] Action repeater75
[08:34:26.044] [bmv2] [T] [thread 27350] [6.0] [cxt 0] repeater.p4(75) Primitive standard_metadata.egress_spec = 2
[08:34:26.044] [bmv2] [D] [thread 27350] [6.0] [cxt 0] Pipeline 'ingress': end
[08:34:26.044] [bmv2] [D] [thread 27350] [6.0] [cxt 0] Egress port is 2
[08:34:26.044] [bmv2] [D] [thread 27353] [6.0] [cxt 0] Pipeline 'egress': start
[08:34:26.044] [bmv2] [D] [thread 27353] [6.0] [cxt 0] Pipeline 'egress': end
[08:34:26.044] [bmv2] [D] [thread 27353] [6.0] [cxt 0] Deparser 'deparser': start
[08:34:26.044] [bmv2] [D] [thread 27353] [6.0] [cxt 0] Deparser 'deparser': end
[08:34:26.044] [bmv2] [D] [thread 27355] [6.0] [cxt 0] Transmitting packet of size 67 out of port 2
open: No such file or directory
open: No such file or directory
