Warning: you requested the nanomsg event logger, but bmv2 was compiled without -DBMELOG, and the event logger cannot be activated
Calling target program-options parser
[08:17:04.006] [bmv2] [D] [thread 18712] Set default default entry for table 'MyIngress.forward': NoAction - 
Adding interface s1-eth1 as port 1
[08:17:04.007] [bmv2] [D] [thread 18712] Adding interface s1-eth1 as port 1
Adding interface s1-eth2 as port 2
[08:17:04.055] [bmv2] [D] [thread 18712] Adding interface s1-eth2 as port 2
Adding interface s1-eth3 as port 3
[08:17:04.169] [bmv2] [D] [thread 18712] Adding interface s1-eth3 as port 3
Adding interface s1-eth4 as port 4
[08:17:04.237] [bmv2] [D] [thread 18712] Adding interface s1-eth4 as port 4
[08:17:04.404] [bmv2] [I] [thread 18712] Starting Thrift server on port 9090
[08:17:04.405] [bmv2] [I] [thread 18712] Thrift server was started
[08:17:04.408] [bmv2] [D] [thread 18718] [0.0] [cxt 0] Processing packet received on port 1
[08:17:04.408] [bmv2] [D] [thread 18718] [0.0] [cxt 0] Parser 'parser': start
[08:17:04.408] [bmv2] [D] [thread 18718] [0.0] [cxt 0] Parser 'parser' entering state 'start'
[08:17:04.408] [bmv2] [D] [thread 18718] [0.0] [cxt 0] Extracting header 'ethernet'
[08:17:04.408] [bmv2] [D] [thread 18718] [0.0] [cxt 0] Parser state 'start' has no switch, going to default next state
[08:17:04.408] [bmv2] [T] [thread 18718] [0.0] [cxt 0] Bytes parsed: 14
[08:17:04.408] [bmv2] [D] [thread 18718] [0.0] [cxt 0] Parser 'parser': end
[08:17:04.408] [bmv2] [D] [thread 18718] [0.0] [cxt 0] Pipeline 'ingress': start
[08:17:04.408] [bmv2] [T] [thread 18718] [0.0] [cxt 0] Applying table 'MyIngress.forward'
[08:17:04.408] [bmv2] [D] [thread 18718] [0.0] [cxt 0] Looking up key:
* hdr.ethernet.dstAddr: 3333ff000001

[08:17:04.409] [bmv2] [D] [thread 18718] [0.0] [cxt 0] Table 'MyIngress.forward': miss
[08:17:04.409] [bmv2] [D] [thread 18718] [0.0] [cxt 0] Action entry is NoAction - 
[08:17:04.409] [bmv2] [T] [thread 18718] [0.0] [cxt 0] Action NoAction
[08:17:04.409] [bmv2] [D] [thread 18718] [0.0] [cxt 0] Pipeline 'ingress': end
[08:17:04.409] [bmv2] [D] [thread 18718] [0.0] [cxt 0] Egress port is 0
[08:17:04.409] [bmv2] [D] [thread 18718] [1.0] [cxt 0] Processing packet received on port 3
[08:17:04.409] [bmv2] [D] [thread 18718] [1.0] [cxt 0] Parser 'parser': start
[08:17:04.409] [bmv2] [D] [thread 18718] [1.0] [cxt 0] Parser 'parser' entering state 'start'
[08:17:04.409] [bmv2] [D] [thread 18718] [1.0] [cxt 0] Extracting header 'ethernet'
[08:17:04.409] [bmv2] [D] [thread 18718] [1.0] [cxt 0] Parser state 'start' has no switch, going to default next state
[08:17:04.409] [bmv2] [T] [thread 18718] [1.0] [cxt 0] Bytes parsed: 14
[08:17:04.409] [bmv2] [D] [thread 18718] [1.0] [cxt 0] Parser 'parser': end
[08:17:04.409] [bmv2] [D] [thread 18718] [1.0] [cxt 0] Pipeline 'ingress': start
[08:17:04.409] [bmv2] [T] [thread 18718] [1.0] [cxt 0] Applying table 'MyIngress.forward'
[08:17:04.410] [bmv2] [D] [thread 18718] [1.0] [cxt 0] Looking up key:
* hdr.ethernet.dstAddr: 3333ff000003

[08:17:04.410] [bmv2] [D] [thread 18718] [1.0] [cxt 0] Table 'MyIngress.forward': miss
[08:17:04.410] [bmv2] [D] [thread 18718] [1.0] [cxt 0] Action entry is NoAction - 
[08:17:04.410] [bmv2] [T] [thread 18718] [1.0] [cxt 0] Action NoAction
[08:17:04.410] [bmv2] [D] [thread 18718] [1.0] [cxt 0] Pipeline 'ingress': end
[08:17:04.410] [bmv2] [D] [thread 18718] [1.0] [cxt 0] Egress port is 0
[08:17:04.410] [bmv2] [D] [thread 18719] [0.0] [cxt 0] Pipeline 'egress': start
[08:17:04.410] [bmv2] [D] [thread 18719] [0.0] [cxt 0] Pipeline 'egress': end
[08:17:04.410] [bmv2] [D] [thread 18719] [0.0] [cxt 0] Deparser 'deparser': start
[08:17:04.410] [bmv2] [D] [thread 18719] [0.0] [cxt 0] Deparsing header 'ethernet'
[08:17:04.410] [bmv2] [D] [thread 18719] [0.0] [cxt 0] Deparser 'deparser': end
[08:17:04.410] [bmv2] [D] [thread 18719] [1.0] [cxt 0] Pipeline 'egress': start
[08:17:04.410] [bmv2] [D] [thread 18719] [1.0] [cxt 0] Pipeline 'egress': end
[08:17:04.410] [bmv2] [D] [thread 18719] [1.0] [cxt 0] Deparser 'deparser': start
[08:17:04.410] [bmv2] [D] [thread 18719] [1.0] [cxt 0] Deparsing header 'ethernet'
[08:17:04.410] [bmv2] [D] [thread 18719] [1.0] [cxt 0] Deparser 'deparser': end
[08:17:04.411] [bmv2] [D] [thread 18723] [0.0] [cxt 0] Transmitting packet of size 78 out of port 0
[08:17:04.411] [bmv2] [D] [thread 18723] [1.0] [cxt 0] Transmitting packet of size 78 out of port 0
[08:17:04.534] [bmv2] [D] [thread 18718] [2.0] [cxt 0] Processing packet received on port 3
[08:17:04.535] [bmv2] [D] [thread 18718] [2.0] [cxt 0] Parser 'parser': start
[08:17:04.535] [bmv2] [D] [thread 18718] [2.0] [cxt 0] Parser 'parser' entering state 'start'
[08:17:04.535] [bmv2] [D] [thread 18718] [2.0] [cxt 0] Extracting header 'ethernet'
[08:17:04.535] [bmv2] [D] [thread 18718] [2.0] [cxt 0] Parser state 'start' has no switch, going to default next state
[08:17:04.535] [bmv2] [T] [thread 18718] [2.0] [cxt 0] Bytes parsed: 14
[08:17:04.535] [bmv2] [D] [thread 18718] [2.0] [cxt 0] Parser 'parser': end
[08:17:04.535] [bmv2] [D] [thread 18718] [2.0] [cxt 0] Pipeline 'ingress': start
[08:17:04.535] [bmv2] [T] [thread 18718] [2.0] [cxt 0] Applying table 'MyIngress.forward'
[08:17:04.535] [bmv2] [D] [thread 18718] [2.0] [cxt 0] Looking up key:
* hdr.ethernet.dstAddr: 333300000016

[08:17:04.535] [bmv2] [D] [thread 18718] [2.0] [cxt 0] Table 'MyIngress.forward': miss
[08:17:04.535] [bmv2] [D] [thread 18718] [2.0] [cxt 0] Action entry is NoAction - 
[08:17:04.535] [bmv2] [T] [thread 18718] [2.0] [cxt 0] Action NoAction
[08:17:04.535] [bmv2] [D] [thread 18718] [2.0] [cxt 0] Pipeline 'ingress': end
[08:17:04.535] [bmv2] [D] [thread 18718] [2.0] [cxt 0] Egress port is 0
[08:17:04.536] [bmv2] [D] [thread 18719] [2.0] [cxt 0] Pipeline 'egress': start
[08:17:04.536] [bmv2] [D] [thread 18719] [2.0] [cxt 0] Pipeline 'egress': end
[08:17:04.536] [bmv2] [D] [thread 18719] [2.0] [cxt 0] Deparser 'deparser': start
[08:17:04.536] [bmv2] [D] [thread 18719] [2.0] [cxt 0] Deparsing header 'ethernet'
[08:17:04.536] [bmv2] [D] [thread 18719] [2.0] [cxt 0] Deparser 'deparser': end
[08:17:04.536] [bmv2] [D] [thread 18723] [2.0] [cxt 0] Transmitting packet of size 90 out of port 0
[08:17:04.822] [bmv2] [D] [thread 18718] [3.0] [cxt 0] Processing packet received on port 2
[08:17:04.822] [bmv2] [D] [thread 18718] [3.0] [cxt 0] Parser 'parser': start
[08:17:04.822] [bmv2] [D] [thread 18718] [3.0] [cxt 0] Parser 'parser' entering state 'start'
[08:17:04.822] [bmv2] [D] [thread 18718] [3.0] [cxt 0] Extracting header 'ethernet'
[08:17:04.822] [bmv2] [D] [thread 18718] [3.0] [cxt 0] Parser state 'start' has no switch, going to default next state
[08:17:04.822] [bmv2] [T] [thread 18718] [3.0] [cxt 0] Bytes parsed: 14
[08:17:04.823] [bmv2] [D] [thread 18718] [3.0] [cxt 0] Parser 'parser': end
[08:17:04.823] [bmv2] [D] [thread 18718] [3.0] [cxt 0] Pipeline 'ingress': start
[08:17:04.823] [bmv2] [T] [thread 18718] [3.0] [cxt 0] Applying table 'MyIngress.forward'
[08:17:04.823] [bmv2] [D] [thread 18718] [3.0] [cxt 0] Looking up key:
* hdr.ethernet.dstAddr: 333300000016

[08:17:04.823] [bmv2] [D] [thread 18718] [3.0] [cxt 0] Table 'MyIngress.forward': miss
[08:17:04.823] [bmv2] [D] [thread 18718] [3.0] [cxt 0] Action entry is NoAction - 
[08:17:04.823] [bmv2] [T] [thread 18718] [3.0] [cxt 0] Action NoAction
[08:17:04.823] [bmv2] [D] [thread 18718] [3.0] [cxt 0] Pipeline 'ingress': end
[08:17:04.823] [bmv2] [D] [thread 18718] [3.0] [cxt 0] Egress port is 0
[08:17:04.823] [bmv2] [D] [thread 18719] [3.0] [cxt 0] Pipeline 'egress': start
[08:17:04.823] [bmv2] [D] [thread 18719] [3.0] [cxt 0] Pipeline 'egress': end
[08:17:04.823] [bmv2] [D] [thread 18719] [3.0] [cxt 0] Deparser 'deparser': start
[08:17:04.823] [bmv2] [D] [thread 18719] [3.0] [cxt 0] Deparsing header 'ethernet'
[08:17:04.823] [bmv2] [D] [thread 18719] [3.0] [cxt 0] Deparser 'deparser': end
[08:17:04.824] [bmv2] [D] [thread 18723] [3.0] [cxt 0] Transmitting packet of size 90 out of port 0
[08:17:04.921] [bmv2] [D] [thread 18718] [4.0] [cxt 0] Processing packet received on port 1
[08:17:04.921] [bmv2] [D] [thread 18718] [4.0] [cxt 0] Parser 'parser': start
[08:17:04.921] [bmv2] [D] [thread 18718] [4.0] [cxt 0] Parser 'parser' entering state 'start'
[08:17:04.921] [bmv2] [D] [thread 18718] [4.0] [cxt 0] Extracting header 'ethernet'
[08:17:04.921] [bmv2] [D] [thread 18718] [4.0] [cxt 0] Parser state 'start' has no switch, going to default next state
[08:17:04.921] [bmv2] [T] [thread 18718] [4.0] [cxt 0] Bytes parsed: 14
[08:17:04.921] [bmv2] [D] [thread 18718] [4.0] [cxt 0] Parser 'parser': end
[08:17:04.921] [bmv2] [D] [thread 18718] [4.0] [cxt 0] Pipeline 'ingress': start
[08:17:04.921] [bmv2] [T] [thread 18718] [4.0] [cxt 0] Applying table 'MyIngress.forward'
[08:17:04.922] [bmv2] [D] [thread 18718] [4.0] [cxt 0] Looking up key:
* hdr.ethernet.dstAddr: 333300000016

[08:17:04.922] [bmv2] [D] [thread 18718] [4.0] [cxt 0] Table 'MyIngress.forward': miss
[08:17:04.922] [bmv2] [D] [thread 18718] [4.0] [cxt 0] Action entry is NoAction - 
[08:17:04.922] [bmv2] [T] [thread 18718] [4.0] [cxt 0] Action NoAction
[08:17:04.922] [bmv2] [D] [thread 18718] [4.0] [cxt 0] Pipeline 'ingress': end
[08:17:04.922] [bmv2] [D] [thread 18718] [4.0] [cxt 0] Egress port is 0
[08:17:04.922] [bmv2] [D] [thread 18719] [4.0] [cxt 0] Pipeline 'egress': start
[08:17:04.922] [bmv2] [D] [thread 18719] [4.0] [cxt 0] Pipeline 'egress': end
[08:17:04.922] [bmv2] [D] [thread 18719] [4.0] [cxt 0] Deparser 'deparser': start
[08:17:04.922] [bmv2] [D] [thread 18719] [4.0] [cxt 0] Deparsing header 'ethernet'
[08:17:04.922] [bmv2] [D] [thread 18719] [4.0] [cxt 0] Deparser 'deparser': end
[08:17:04.922] [bmv2] [D] [thread 18723] [4.0] [cxt 0] Transmitting packet of size 90 out of port 0
[08:17:04.922] [bmv2] [D] [thread 18718] [5.0] [cxt 0] Processing packet received on port 4
[08:17:04.922] [bmv2] [D] [thread 18718] [5.0] [cxt 0] Parser 'parser': start
[08:17:04.922] [bmv2] [D] [thread 18718] [5.0] [cxt 0] Parser 'parser' entering state 'start'
[08:17:04.922] [bmv2] [D] [thread 18718] [5.0] [cxt 0] Extracting header 'ethernet'
[08:17:04.922] [bmv2] [D] [thread 18718] [5.0] [cxt 0] Parser state 'start' has no switch, going to default next state
[08:17:04.922] [bmv2] [T] [thread 18718] [5.0] [cxt 0] Bytes parsed: 14
[08:17:04.923] [bmv2] [D] [thread 18718] [5.0] [cxt 0] Parser 'parser': end
[08:17:04.923] [bmv2] [D] [thread 18718] [5.0] [cxt 0] Pipeline 'ingress': start
[08:17:04.923] [bmv2] [T] [thread 18718] [5.0] [cxt 0] Applying table 'MyIngress.forward'
[08:17:04.923] [bmv2] [D] [thread 18718] [5.0] [cxt 0] Looking up key:
* hdr.ethernet.dstAddr: 3333ff000004

[08:17:04.923] [bmv2] [D] [thread 18718] [5.0] [cxt 0] Table 'MyIngress.forward': miss
[08:17:04.923] [bmv2] [D] [thread 18718] [5.0] [cxt 0] Action entry is NoAction - 
[08:17:04.923] [bmv2] [T] [thread 18718] [5.0] [cxt 0] Action NoAction
[08:17:04.923] [bmv2] [D] [thread 18718] [5.0] [cxt 0] Pipeline 'ingress': end
[08:17:04.923] [bmv2] [D] [thread 18718] [5.0] [cxt 0] Egress port is 0
[08:17:04.923] [bmv2] [D] [thread 18719] [5.0] [cxt 0] Pipeline 'egress': start
[08:17:04.923] [bmv2] [D] [thread 18719] [5.0] [cxt 0] Pipeline 'egress': end
[08:17:04.923] [bmv2] [D] [thread 18719] [5.0] [cxt 0] Deparser 'deparser': start
[08:17:04.923] [bmv2] [D] [thread 18719] [5.0] [cxt 0] Deparsing header 'ethernet'
[08:17:04.923] [bmv2] [D] [thread 18719] [5.0] [cxt 0] Deparser 'deparser': end
[08:17:04.923] [bmv2] [D] [thread 18723] [5.0] [cxt 0] Transmitting packet of size 78 out of port 0
[08:17:04.947] [bmv2] [D] [thread 18718] [6.0] [cxt 0] Processing packet received on port 2
[08:17:04.947] [bmv2] [D] [thread 18718] [6.0] [cxt 0] Parser 'parser': start
[08:17:04.947] [bmv2] [D] [thread 18718] [6.0] [cxt 0] Parser 'parser' entering state 'start'
[08:17:04.947] [bmv2] [D] [thread 18718] [6.0] [cxt 0] Extracting header 'ethernet'
[08:17:04.947] [bmv2] [D] [thread 18718] [6.0] [cxt 0] Parser state 'start' has no switch, going to default next state
[08:17:04.947] [bmv2] [T] [thread 18718] [6.0] [cxt 0] Bytes parsed: 14
[08:17:04.947] [bmv2] [D] [thread 18718] [6.0] [cxt 0] Parser 'parser': end
[08:17:04.947] [bmv2] [D] [thread 18718] [6.0] [cxt 0] Pipeline 'ingress': start
[08:17:04.947] [bmv2] [T] [thread 18718] [6.0] [cxt 0] Applying table 'MyIngress.forward'
[08:17:04.947] [bmv2] [D] [thread 18718] [6.0] [cxt 0] Looking up key:
* hdr.ethernet.dstAddr: 333300000016

[08:17:04.947] [bmv2] [D] [thread 18718] [6.0] [cxt 0] Table 'MyIngress.forward': miss
[08:17:04.947] [bmv2] [D] [thread 18718] [6.0] [cxt 0] Action entry is NoAction - 
[08:17:04.947] [bmv2] [T] [thread 18718] [6.0] [cxt 0] Action NoAction
[08:17:04.947] [bmv2] [D] [thread 18718] [6.0] [cxt 0] Pipeline 'ingress': end
[08:17:04.947] [bmv2] [D] [thread 18718] [6.0] [cxt 0] Egress port is 0
[08:17:04.947] [bmv2] [D] [thread 18718] [7.0] [cxt 0] Processing packet received on port 2
[08:17:04.947] [bmv2] [D] [thread 18718] [7.0] [cxt 0] Parser 'parser': start
[08:17:04.947] [bmv2] [D] [thread 18718] [7.0] [cxt 0] Parser 'parser' entering state 'start'
[08:17:04.948] [bmv2] [D] [thread 18718] [7.0] [cxt 0] Extracting header 'ethernet'
[08:17:04.948] [bmv2] [D] [thread 18718] [7.0] [cxt 0] Parser state 'start' has no switch, going to default next state
[08:17:04.948] [bmv2] [T] [thread 18718] [7.0] [cxt 0] Bytes parsed: 14
[08:17:04.948] [bmv2] [D] [thread 18718] [7.0] [cxt 0] Parser 'parser': end
[08:17:04.948] [bmv2] [D] [thread 18718] [7.0] [cxt 0] Pipeline 'ingress': start
[08:17:04.948] [bmv2] [T] [thread 18718] [7.0] [cxt 0] Applying table 'MyIngress.forward'
[08:17:04.948] [bmv2] [D] [thread 18718] [7.0] [cxt 0] Looking up key:
* hdr.ethernet.dstAddr: 333300000002

[08:17:04.948] [bmv2] [D] [thread 18718] [7.0] [cxt 0] Table 'MyIngress.forward': miss
[08:17:04.948] [bmv2] [D] [thread 18718] [7.0] [cxt 0] Action entry is NoAction - 
[08:17:04.948] [bmv2] [T] [thread 18718] [7.0] [cxt 0] Action NoAction
[08:17:04.948] [bmv2] [D] [thread 18718] [7.0] [cxt 0] Pipeline 'ingress': end
[08:17:04.948] [bmv2] [D] [thread 18718] [7.0] [cxt 0] Egress port is 0
[08:17:04.948] [bmv2] [D] [thread 18719] [6.0] [cxt 0] Pipeline 'egress': start
[08:17:04.948] [bmv2] [D] [thread 18719] [6.0] [cxt 0] Pipeline 'egress': end
[08:17:04.948] [bmv2] [D] [thread 18719] [6.0] [cxt 0] Deparser 'deparser': start
[08:17:04.948] [bmv2] [D] [thread 18719] [6.0] [cxt 0] Deparsing header 'ethernet'
[08:17:04.948] [bmv2] [D] [thread 18719] [6.0] [cxt 0] Deparser 'deparser': end
[08:17:04.949] [bmv2] [D] [thread 18719] [7.0] [cxt 0] Pipeline 'egress': start
[08:17:04.949] [bmv2] [D] [thread 18719] [7.0] [cxt 0] Pipeline 'egress': end
[08:17:04.949] [bmv2] [D] [thread 18719] [7.0] [cxt 0] Deparser 'deparser': start
[08:17:04.949] [bmv2] [D] [thread 18719] [7.0] [cxt 0] Deparsing header 'ethernet'
[08:17:04.949] [bmv2] [D] [thread 18719] [7.0] [cxt 0] Deparser 'deparser': end
[08:17:04.950] [bmv2] [D] [thread 18723] [6.0] [cxt 0] Transmitting packet of size 90 out of port 0
[08:17:04.950] [bmv2] [D] [thread 18723] [7.0] [cxt 0] Transmitting packet of size 70 out of port 0
[08:17:06.322] [bmv2] [T] [thread 18764] bm_get_config
[08:17:06.324] [bmv2] [T] [thread 18764] bm_table_add_entry
[08:17:06.324] [bmv2] [D] [thread 18764] Entry 0 added to table 'MyIngress.forward'
[08:17:06.324] [bmv2] [D] [thread 18764] Dumping entry 0
Match key:
* hdr.ethernet.dstAddr: EXACT     00000a000001
Action entry: MyIngress.set_egress_specs - 1,

[08:17:06.325] [bmv2] [T] [thread 18764] bm_table_add_entry
[08:17:06.325] [bmv2] [D] [thread 18764] Entry 1 added to table 'MyIngress.forward'
[08:17:06.325] [bmv2] [D] [thread 18764] Dumping entry 1
Match key:
* hdr.ethernet.dstAddr: EXACT     00000a000002
Action entry: MyIngress.set_egress_specs - 2,

[08:17:06.325] [bmv2] [T] [thread 18764] bm_table_add_entry
[08:17:06.325] [bmv2] [D] [thread 18764] Entry 2 added to table 'MyIngress.forward'
[08:17:06.325] [bmv2] [D] [thread 18764] Dumping entry 2
Match key:
* hdr.ethernet.dstAddr: EXACT     00000a000003
Action entry: MyIngress.set_egress_specs - 3,

[08:17:06.326] [bmv2] [T] [thread 18764] bm_table_add_entry
[08:17:06.326] [bmv2] [D] [thread 18764] Entry 3 added to table 'MyIngress.forward'
[08:17:06.326] [bmv2] [D] [thread 18764] Dumping entry 3
Match key:
* hdr.ethernet.dstAddr: EXACT     00000a000004
Action entry: MyIngress.set_egress_specs - 4,

[08:17:23.307] [bmv2] [D] [thread 18718] [8.0] [cxt 0] Processing packet received on port 1
[08:17:23.307] [bmv2] [D] [thread 18718] [8.0] [cxt 0] Parser 'parser': start
[08:17:23.307] [bmv2] [D] [thread 18718] [8.0] [cxt 0] Parser 'parser' entering state 'start'
[08:17:23.307] [bmv2] [D] [thread 18718] [8.0] [cxt 0] Extracting header 'ethernet'
[08:17:23.307] [bmv2] [D] [thread 18718] [8.0] [cxt 0] Parser state 'start' has no switch, going to default next state
[08:17:23.308] [bmv2] [T] [thread 18718] [8.0] [cxt 0] Bytes parsed: 14
[08:17:23.308] [bmv2] [D] [thread 18718] [8.0] [cxt 0] Parser 'parser': end
[08:17:23.308] [bmv2] [D] [thread 18718] [8.0] [cxt 0] Pipeline 'ingress': start
[08:17:23.308] [bmv2] [T] [thread 18718] [8.0] [cxt 0] Applying table 'MyIngress.forward'
[08:17:23.308] [bmv2] [D] [thread 18718] [8.0] [cxt 0] Looking up key:
* hdr.ethernet.dstAddr: 00000a000002

[08:17:23.308] [bmv2] [D] [thread 18718] [8.0] [cxt 0] Table 'MyIngress.forward': hit with handle 1
[08:17:23.308] [bmv2] [D] [thread 18718] [8.0] [cxt 0] Dumping entry 1
Match key:
* hdr.ethernet.dstAddr: EXACT     00000a000002
Action entry: MyIngress.set_egress_specs - 2,

[08:17:23.308] [bmv2] [D] [thread 18718] [8.0] [cxt 0] Action entry is MyIngress.set_egress_specs - 2,
[08:17:23.308] [bmv2] [T] [thread 18718] [8.0] [cxt 0] Action MyIngress.set_egress_specs
[08:17:23.308] [bmv2] [T] [thread 18718] [8.0] [cxt 0] p4src/l2_basic_forwarding.p4(69) Primitive standard_metadata.egress_spec = egress_port
[08:17:23.308] [bmv2] [D] [thread 18718] [8.0] [cxt 0] Pipeline 'ingress': end
[08:17:23.308] [bmv2] [D] [thread 18718] [8.0] [cxt 0] Egress port is 2
[08:17:23.310] [bmv2] [D] [thread 18721] [8.0] [cxt 0] Pipeline 'egress': start
[08:17:23.310] [bmv2] [D] [thread 18721] [8.0] [cxt 0] Pipeline 'egress': end
[08:17:23.310] [bmv2] [D] [thread 18721] [8.0] [cxt 0] Deparser 'deparser': start
[08:17:23.310] [bmv2] [D] [thread 18721] [8.0] [cxt 0] Deparsing header 'ethernet'
[08:17:23.310] [bmv2] [D] [thread 18721] [8.0] [cxt 0] Deparser 'deparser': end
[08:17:23.310] [bmv2] [D] [thread 18723] [8.0] [cxt 0] Transmitting packet of size 98 out of port 2
[08:17:23.311] [bmv2] [D] [thread 18718] [9.0] [cxt 0] Processing packet received on port 2
[08:17:23.311] [bmv2] [D] [thread 18718] [9.0] [cxt 0] Parser 'parser': start
[08:17:23.311] [bmv2] [D] [thread 18718] [9.0] [cxt 0] Parser 'parser' entering state 'start'
[08:17:23.311] [bmv2] [D] [thread 18718] [9.0] [cxt 0] Extracting header 'ethernet'
[08:17:23.311] [bmv2] [D] [thread 18718] [9.0] [cxt 0] Parser state 'start' has no switch, going to default next state
[08:17:23.311] [bmv2] [T] [thread 18718] [9.0] [cxt 0] Bytes parsed: 14
[08:17:23.311] [bmv2] [D] [thread 18718] [9.0] [cxt 0] Parser 'parser': end
[08:17:23.311] [bmv2] [D] [thread 18718] [9.0] [cxt 0] Pipeline 'ingress': start
[08:17:23.311] [bmv2] [T] [thread 18718] [9.0] [cxt 0] Applying table 'MyIngress.forward'
[08:17:23.311] [bmv2] [D] [thread 18718] [9.0] [cxt 0] Looking up key:
* hdr.ethernet.dstAddr: 00000a000001

[08:17:23.311] [bmv2] [D] [thread 18718] [9.0] [cxt 0] Table 'MyIngress.forward': hit with handle 0
[08:17:23.311] [bmv2] [D] [thread 18718] [9.0] [cxt 0] Dumping entry 0
Match key:
* hdr.ethernet.dstAddr: EXACT     00000a000001
Action entry: MyIngress.set_egress_specs - 1,

[08:17:23.311] [bmv2] [D] [thread 18718] [9.0] [cxt 0] Action entry is MyIngress.set_egress_specs - 1,
[08:17:23.311] [bmv2] [T] [thread 18718] [9.0] [cxt 0] Action MyIngress.set_egress_specs
[08:17:23.311] [bmv2] [T] [thread 18718] [9.0] [cxt 0] p4src/l2_basic_forwarding.p4(69) Primitive standard_metadata.egress_spec = egress_port
[08:17:23.311] [bmv2] [D] [thread 18718] [9.0] [cxt 0] Pipeline 'ingress': end
[08:17:23.311] [bmv2] [D] [thread 18718] [9.0] [cxt 0] Egress port is 1
[08:17:23.312] [bmv2] [D] [thread 18720] [9.0] [cxt 0] Pipeline 'egress': start
[08:17:23.312] [bmv2] [D] [thread 18720] [9.0] [cxt 0] Pipeline 'egress': end
[08:17:23.312] [bmv2] [D] [thread 18720] [9.0] [cxt 0] Deparser 'deparser': start
[08:17:23.312] [bmv2] [D] [thread 18720] [9.0] [cxt 0] Deparsing header 'ethernet'
[08:17:23.312] [bmv2] [D] [thread 18720] [9.0] [cxt 0] Deparser 'deparser': end
[08:17:23.312] [bmv2] [D] [thread 18723] [9.0] [cxt 0] Transmitting packet of size 98 out of port 1
[08:17:23.319] [bmv2] [D] [thread 18718] [10.0] [cxt 0] Processing packet received on port 1
[08:17:23.319] [bmv2] [D] [thread 18718] [10.0] [cxt 0] Parser 'parser': start
[08:17:23.319] [bmv2] [D] [thread 18718] [10.0] [cxt 0] Parser 'parser' entering state 'start'
[08:17:23.319] [bmv2] [D] [thread 18718] [10.0] [cxt 0] Extracting header 'ethernet'
[08:17:23.319] [bmv2] [D] [thread 18718] [10.0] [cxt 0] Parser state 'start' has no switch, going to default next state
[08:17:23.319] [bmv2] [T] [thread 18718] [10.0] [cxt 0] Bytes parsed: 14
[08:17:23.319] [bmv2] [D] [thread 18718] [10.0] [cxt 0] Parser 'parser': end
[08:17:23.319] [bmv2] [D] [thread 18718] [10.0] [cxt 0] Pipeline 'ingress': start
[08:17:23.319] [bmv2] [T] [thread 18718] [10.0] [cxt 0] Applying table 'MyIngress.forward'
[08:17:23.320] [bmv2] [D] [thread 18718] [10.0] [cxt 0] Looking up key:
* hdr.ethernet.dstAddr: 00000a000003

[08:17:23.320] [bmv2] [D] [thread 18718] [10.0] [cxt 0] Table 'MyIngress.forward': hit with handle 2
[08:17:23.320] [bmv2] [D] [thread 18718] [10.0] [cxt 0] Dumping entry 2
Match key:
* hdr.ethernet.dstAddr: EXACT     00000a000003
Action entry: MyIngress.set_egress_specs - 3,

[08:17:23.320] [bmv2] [D] [thread 18718] [10.0] [cxt 0] Action entry is MyIngress.set_egress_specs - 3,
[08:17:23.320] [bmv2] [T] [thread 18718] [10.0] [cxt 0] Action MyIngress.set_egress_specs
[08:17:23.320] [bmv2] [T] [thread 18718] [10.0] [cxt 0] p4src/l2_basic_forwarding.p4(69) Primitive standard_metadata.egress_spec = egress_port
[08:17:23.320] [bmv2] [D] [thread 18718] [10.0] [cxt 0] Pipeline 'ingress': end
[08:17:23.320] [bmv2] [D] [thread 18718] [10.0] [cxt 0] Egress port is 3
[08:17:23.320] [bmv2] [D] [thread 18722] [10.0] [cxt 0] Pipeline 'egress': start
[08:17:23.320] [bmv2] [D] [thread 18722] [10.0] [cxt 0] Pipeline 'egress': end
[08:17:23.320] [bmv2] [D] [thread 18722] [10.0] [cxt 0] Deparser 'deparser': start
[08:17:23.321] [bmv2] [D] [thread 18722] [10.0] [cxt 0] Deparsing header 'ethernet'
[08:17:23.321] [bmv2] [D] [thread 18722] [10.0] [cxt 0] Deparser 'deparser': end
[08:17:23.321] [bmv2] [D] [thread 18723] [10.0] [cxt 0] Transmitting packet of size 98 out of port 3
[08:17:23.321] [bmv2] [D] [thread 18718] [11.0] [cxt 0] Processing packet received on port 3
[08:17:23.321] [bmv2] [D] [thread 18718] [11.0] [cxt 0] Parser 'parser': start
[08:17:23.321] [bmv2] [D] [thread 18718] [11.0] [cxt 0] Parser 'parser' entering state 'start'
[08:17:23.322] [bmv2] [D] [thread 18718] [11.0] [cxt 0] Extracting header 'ethernet'
[08:17:23.322] [bmv2] [D] [thread 18718] [11.0] [cxt 0] Parser state 'start' has no switch, going to default next state
[08:17:23.322] [bmv2] [T] [thread 18718] [11.0] [cxt 0] Bytes parsed: 14
[08:17:23.322] [bmv2] [D] [thread 18718] [11.0] [cxt 0] Parser 'parser': end
[08:17:23.322] [bmv2] [D] [thread 18718] [11.0] [cxt 0] Pipeline 'ingress': start
[08:17:23.322] [bmv2] [T] [thread 18718] [11.0] [cxt 0] Applying table 'MyIngress.forward'
[08:17:23.322] [bmv2] [D] [thread 18718] [11.0] [cxt 0] Looking up key:
* hdr.ethernet.dstAddr: 00000a000001

[08:17:23.322] [bmv2] [D] [thread 18718] [11.0] [cxt 0] Table 'MyIngress.forward': hit with handle 0
[08:17:23.322] [bmv2] [D] [thread 18718] [11.0] [cxt 0] Dumping entry 0
Match key:
* hdr.ethernet.dstAddr: EXACT     00000a000001
Action entry: MyIngress.set_egress_specs - 1,

[08:17:23.322] [bmv2] [D] [thread 18718] [11.0] [cxt 0] Action entry is MyIngress.set_egress_specs - 1,
[08:17:23.322] [bmv2] [T] [thread 18718] [11.0] [cxt 0] Action MyIngress.set_egress_specs
[08:17:23.322] [bmv2] [T] [thread 18718] [11.0] [cxt 0] p4src/l2_basic_forwarding.p4(69) Primitive standard_metadata.egress_spec = egress_port
[08:17:23.322] [bmv2] [D] [thread 18718] [11.0] [cxt 0] Pipeline 'ingress': end
[08:17:23.322] [bmv2] [D] [thread 18718] [11.0] [cxt 0] Egress port is 1
[08:17:23.325] [bmv2] [D] [thread 18720] [11.0] [cxt 0] Pipeline 'egress': start
[08:17:23.325] [bmv2] [D] [thread 18720] [11.0] [cxt 0] Pipeline 'egress': end
[08:17:23.325] [bmv2] [D] [thread 18720] [11.0] [cxt 0] Deparser 'deparser': start
[08:17:23.325] [bmv2] [D] [thread 18720] [11.0] [cxt 0] Deparsing header 'ethernet'
[08:17:23.325] [bmv2] [D] [thread 18720] [11.0] [cxt 0] Deparser 'deparser': end
[08:17:23.326] [bmv2] [D] [thread 18723] [11.0] [cxt 0] Transmitting packet of size 98 out of port 1
[08:17:23.331] [bmv2] [D] [thread 18718] [12.0] [cxt 0] Processing packet received on port 1
[08:17:23.331] [bmv2] [D] [thread 18718] [12.0] [cxt 0] Parser 'parser': start
[08:17:23.331] [bmv2] [D] [thread 18718] [12.0] [cxt 0] Parser 'parser' entering state 'start'
[08:17:23.331] [bmv2] [D] [thread 18718] [12.0] [cxt 0] Extracting header 'ethernet'
[08:17:23.331] [bmv2] [D] [thread 18718] [12.0] [cxt 0] Parser state 'start' has no switch, going to default next state
[08:17:23.331] [bmv2] [T] [thread 18718] [12.0] [cxt 0] Bytes parsed: 14
[08:17:23.331] [bmv2] [D] [thread 18718] [12.0] [cxt 0] Parser 'parser': end
[08:17:23.331] [bmv2] [D] [thread 18718] [12.0] [cxt 0] Pipeline 'ingress': start
[08:17:23.331] [bmv2] [T] [thread 18718] [12.0] [cxt 0] Applying table 'MyIngress.forward'
[08:17:23.331] [bmv2] [D] [thread 18718] [12.0] [cxt 0] Looking up key:
* hdr.ethernet.dstAddr: 00000a000004

[08:17:23.331] [bmv2] [D] [thread 18718] [12.0] [cxt 0] Table 'MyIngress.forward': hit with handle 3
[08:17:23.331] [bmv2] [D] [thread 18718] [12.0] [cxt 0] Dumping entry 3
Match key:
* hdr.ethernet.dstAddr: EXACT     00000a000004
Action entry: MyIngress.set_egress_specs - 4,

[08:17:23.331] [bmv2] [D] [thread 18718] [12.0] [cxt 0] Action entry is MyIngress.set_egress_specs - 4,
[08:17:23.331] [bmv2] [T] [thread 18718] [12.0] [cxt 0] Action MyIngress.set_egress_specs
[08:17:23.332] [bmv2] [T] [thread 18718] [12.0] [cxt 0] p4src/l2_basic_forwarding.p4(69) Primitive standard_metadata.egress_spec = egress_port
[08:17:23.332] [bmv2] [D] [thread 18718] [12.0] [cxt 0] Pipeline 'ingress': end
[08:17:23.332] [bmv2] [D] [thread 18718] [12.0] [cxt 0] Egress port is 4
[08:17:23.332] [bmv2] [D] [thread 18719] [12.0] [cxt 0] Pipeline 'egress': start
[08:17:23.332] [bmv2] [D] [thread 18719] [12.0] [cxt 0] Pipeline 'egress': end
[08:17:23.332] [bmv2] [D] [thread 18719] [12.0] [cxt 0] Deparser 'deparser': start
[08:17:23.332] [bmv2] [D] [thread 18719] [12.0] [cxt 0] Deparsing header 'ethernet'
[08:17:23.332] [bmv2] [D] [thread 18719] [12.0] [cxt 0] Deparser 'deparser': end
[08:17:23.332] [bmv2] [D] [thread 18723] [12.0] [cxt 0] Transmitting packet of size 98 out of port 4
[08:17:23.333] [bmv2] [D] [thread 18718] [13.0] [cxt 0] Processing packet received on port 4
[08:17:23.333] [bmv2] [D] [thread 18718] [13.0] [cxt 0] Parser 'parser': start
[08:17:23.333] [bmv2] [D] [thread 18718] [13.0] [cxt 0] Parser 'parser' entering state 'start'
[08:17:23.333] [bmv2] [D] [thread 18718] [13.0] [cxt 0] Extracting header 'ethernet'
[08:17:23.333] [bmv2] [D] [thread 18718] [13.0] [cxt 0] Parser state 'start' has no switch, going to default next state
[08:17:23.333] [bmv2] [T] [thread 18718] [13.0] [cxt 0] Bytes parsed: 14
[08:17:23.333] [bmv2] [D] [thread 18718] [13.0] [cxt 0] Parser 'parser': end
[08:17:23.333] [bmv2] [D] [thread 18718] [13.0] [cxt 0] Pipeline 'ingress': start
[08:17:23.333] [bmv2] [T] [thread 18718] [13.0] [cxt 0] Applying table 'MyIngress.forward'
[08:17:23.334] [bmv2] [D] [thread 18718] [13.0] [cxt 0] Looking up key:
* hdr.ethernet.dstAddr: 00000a000001

[08:17:23.334] [bmv2] [D] [thread 18718] [13.0] [cxt 0] Table 'MyIngress.forward': hit with handle 0
[08:17:23.334] [bmv2] [D] [thread 18718] [13.0] [cxt 0] Dumping entry 0
Match key:
* hdr.ethernet.dstAddr: EXACT     00000a000001
Action entry: MyIngress.set_egress_specs - 1,

[08:17:23.334] [bmv2] [D] [thread 18718] [13.0] [cxt 0] Action entry is MyIngress.set_egress_specs - 1,
[08:17:23.334] [bmv2] [T] [thread 18718] [13.0] [cxt 0] Action MyIngress.set_egress_specs
[08:17:23.334] [bmv2] [T] [thread 18718] [13.0] [cxt 0] p4src/l2_basic_forwarding.p4(69) Primitive standard_metadata.egress_spec = egress_port
[08:17:23.334] [bmv2] [D] [thread 18718] [13.0] [cxt 0] Pipeline 'ingress': end
[08:17:23.334] [bmv2] [D] [thread 18718] [13.0] [cxt 0] Egress port is 1
[08:17:23.334] [bmv2] [D] [thread 18720] [13.0] [cxt 0] Pipeline 'egress': start
[08:17:23.334] [bmv2] [D] [thread 18720] [13.0] [cxt 0] Pipeline 'egress': end
[08:17:23.334] [bmv2] [D] [thread 18720] [13.0] [cxt 0] Deparser 'deparser': start
[08:17:23.334] [bmv2] [D] [thread 18720] [13.0] [cxt 0] Deparsing header 'ethernet'
[08:17:23.335] [bmv2] [D] [thread 18720] [13.0] [cxt 0] Deparser 'deparser': end
[08:17:23.335] [bmv2] [D] [thread 18723] [13.0] [cxt 0] Transmitting packet of size 98 out of port 1
[08:17:23.339] [bmv2] [D] [thread 18718] [14.0] [cxt 0] Processing packet received on port 2
[08:17:23.339] [bmv2] [D] [thread 18718] [14.0] [cxt 0] Parser 'parser': start
[08:17:23.339] [bmv2] [D] [thread 18718] [14.0] [cxt 0] Parser 'parser' entering state 'start'
[08:17:23.339] [bmv2] [D] [thread 18718] [14.0] [cxt 0] Extracting header 'ethernet'
[08:17:23.339] [bmv2] [D] [thread 18718] [14.0] [cxt 0] Parser state 'start' has no switch, going to default next state
[08:17:23.339] [bmv2] [T] [thread 18718] [14.0] [cxt 0] Bytes parsed: 14
[08:17:23.339] [bmv2] [D] [thread 18718] [14.0] [cxt 0] Parser 'parser': end
[08:17:23.339] [bmv2] [D] [thread 18718] [14.0] [cxt 0] Pipeline 'ingress': start
[08:17:23.339] [bmv2] [T] [thread 18718] [14.0] [cxt 0] Applying table 'MyIngress.forward'
[08:17:23.339] [bmv2] [D] [thread 18718] [14.0] [cxt 0] Looking up key:
* hdr.ethernet.dstAddr: 00000a000001

[08:17:23.339] [bmv2] [D] [thread 18718] [14.0] [cxt 0] Table 'MyIngress.forward': hit with handle 0
[08:17:23.340] [bmv2] [D] [thread 18718] [14.0] [cxt 0] Dumping entry 0
Match key:
* hdr.ethernet.dstAddr: EXACT     00000a000001
Action entry: MyIngress.set_egress_specs - 1,

[08:17:23.340] [bmv2] [D] [thread 18718] [14.0] [cxt 0] Action entry is MyIngress.set_egress_specs - 1,
[08:17:23.340] [bmv2] [T] [thread 18718] [14.0] [cxt 0] Action MyIngress.set_egress_specs
[08:17:23.340] [bmv2] [T] [thread 18718] [14.0] [cxt 0] p4src/l2_basic_forwarding.p4(69) Primitive standard_metadata.egress_spec = egress_port
[08:17:23.340] [bmv2] [D] [thread 18718] [14.0] [cxt 0] Pipeline 'ingress': end
[08:17:23.340] [bmv2] [D] [thread 18718] [14.0] [cxt 0] Egress port is 1
[08:17:23.340] [bmv2] [D] [thread 18720] [14.0] [cxt 0] Pipeline 'egress': start
[08:17:23.340] [bmv2] [D] [thread 18720] [14.0] [cxt 0] Pipeline 'egress': end
[08:17:23.340] [bmv2] [D] [thread 18720] [14.0] [cxt 0] Deparser 'deparser': start
[08:17:23.340] [bmv2] [D] [thread 18720] [14.0] [cxt 0] Deparsing header 'ethernet'
[08:17:23.340] [bmv2] [D] [thread 18720] [14.0] [cxt 0] Deparser 'deparser': end
[08:17:23.340] [bmv2] [D] [thread 18723] [14.0] [cxt 0] Transmitting packet of size 98 out of port 1
[08:17:23.340] [bmv2] [D] [thread 18718] [15.0] [cxt 0] Processing packet received on port 1
[08:17:23.340] [bmv2] [D] [thread 18718] [15.0] [cxt 0] Parser 'parser': start
[08:17:23.340] [bmv2] [D] [thread 18718] [15.0] [cxt 0] Parser 'parser' entering state 'start'
[08:17:23.340] [bmv2] [D] [thread 18718] [15.0] [cxt 0] Extracting header 'ethernet'
[08:17:23.340] [bmv2] [D] [thread 18718] [15.0] [cxt 0] Parser state 'start' has no switch, going to default next state
[08:17:23.340] [bmv2] [T] [thread 18718] [15.0] [cxt 0] Bytes parsed: 14
[08:17:23.340] [bmv2] [D] [thread 18718] [15.0] [cxt 0] Parser 'parser': end
[08:17:23.340] [bmv2] [D] [thread 18718] [15.0] [cxt 0] Pipeline 'ingress': start
[08:17:23.340] [bmv2] [T] [thread 18718] [15.0] [cxt 0] Applying table 'MyIngress.forward'
[08:17:23.340] [bmv2] [D] [thread 18718] [15.0] [cxt 0] Looking up key:
* hdr.ethernet.dstAddr: 00000a000002

[08:17:23.340] [bmv2] [D] [thread 18718] [15.0] [cxt 0] Table 'MyIngress.forward': hit with handle 1
[08:17:23.340] [bmv2] [D] [thread 18718] [15.0] [cxt 0] Dumping entry 1
Match key:
* hdr.ethernet.dstAddr: EXACT     00000a000002
Action entry: MyIngress.set_egress_specs - 2,

[08:17:23.340] [bmv2] [D] [thread 18718] [15.0] [cxt 0] Action entry is MyIngress.set_egress_specs - 2,
[08:17:23.340] [bmv2] [T] [thread 18718] [15.0] [cxt 0] Action MyIngress.set_egress_specs
[08:17:23.340] [bmv2] [T] [thread 18718] [15.0] [cxt 0] p4src/l2_basic_forwarding.p4(69) Primitive standard_metadata.egress_spec = egress_port
[08:17:23.340] [bmv2] [D] [thread 18718] [15.0] [cxt 0] Pipeline 'ingress': end
[08:17:23.341] [bmv2] [D] [thread 18718] [15.0] [cxt 0] Egress port is 2
[08:17:23.341] [bmv2] [D] [thread 18721] [15.0] [cxt 0] Pipeline 'egress': start
[08:17:23.341] [bmv2] [D] [thread 18721] [15.0] [cxt 0] Pipeline 'egress': end
[08:17:23.341] [bmv2] [D] [thread 18721] [15.0] [cxt 0] Deparser 'deparser': start
[08:17:23.341] [bmv2] [D] [thread 18721] [15.0] [cxt 0] Deparsing header 'ethernet'
[08:17:23.341] [bmv2] [D] [thread 18721] [15.0] [cxt 0] Deparser 'deparser': end
[08:17:23.341] [bmv2] [D] [thread 18723] [15.0] [cxt 0] Transmitting packet of size 98 out of port 2
[08:17:23.342] [bmv2] [D] [thread 18718] [16.0] [cxt 0] Processing packet received on port 2
[08:17:23.342] [bmv2] [D] [thread 18718] [16.0] [cxt 0] Parser 'parser': start
[08:17:23.342] [bmv2] [D] [thread 18718] [16.0] [cxt 0] Parser 'parser' entering state 'start'
[08:17:23.342] [bmv2] [D] [thread 18718] [16.0] [cxt 0] Extracting header 'ethernet'
[08:17:23.342] [bmv2] [D] [thread 18718] [16.0] [cxt 0] Parser state 'start' has no switch, going to default next state
[08:17:23.342] [bmv2] [T] [thread 18718] [16.0] [cxt 0] Bytes parsed: 14
[08:17:23.342] [bmv2] [D] [thread 18718] [16.0] [cxt 0] Parser 'parser': end
[08:17:23.342] [bmv2] [D] [thread 18718] [16.0] [cxt 0] Pipeline 'ingress': start
[08:17:23.342] [bmv2] [T] [thread 18718] [16.0] [cxt 0] Applying table 'MyIngress.forward'
[08:17:23.343] [bmv2] [D] [thread 18718] [16.0] [cxt 0] Looking up key:
* hdr.ethernet.dstAddr: 00000a000003

[08:17:23.343] [bmv2] [D] [thread 18718] [16.0] [cxt 0] Table 'MyIngress.forward': hit with handle 2
[08:17:23.343] [bmv2] [D] [thread 18718] [16.0] [cxt 0] Dumping entry 2
Match key:
* hdr.ethernet.dstAddr: EXACT     00000a000003
Action entry: MyIngress.set_egress_specs - 3,

[08:17:23.343] [bmv2] [D] [thread 18718] [16.0] [cxt 0] Action entry is MyIngress.set_egress_specs - 3,
[08:17:23.343] [bmv2] [T] [thread 18718] [16.0] [cxt 0] Action MyIngress.set_egress_specs
[08:17:23.343] [bmv2] [T] [thread 18718] [16.0] [cxt 0] p4src/l2_basic_forwarding.p4(69) Primitive standard_metadata.egress_spec = egress_port
[08:17:23.343] [bmv2] [D] [thread 18718] [16.0] [cxt 0] Pipeline 'ingress': end
[08:17:23.343] [bmv2] [D] [thread 18718] [16.0] [cxt 0] Egress port is 3
[08:17:23.343] [bmv2] [D] [thread 18722] [16.0] [cxt 0] Pipeline 'egress': start
[08:17:23.343] [bmv2] [D] [thread 18722] [16.0] [cxt 0] Pipeline 'egress': end
[08:17:23.343] [bmv2] [D] [thread 18722] [16.0] [cxt 0] Deparser 'deparser': start
[08:17:23.343] [bmv2] [D] [thread 18722] [16.0] [cxt 0] Deparsing header 'ethernet'
[08:17:23.343] [bmv2] [D] [thread 18722] [16.0] [cxt 0] Deparser 'deparser': end
[08:17:23.343] [bmv2] [D] [thread 18723] [16.0] [cxt 0] Transmitting packet of size 98 out of port 3
[08:17:23.343] [bmv2] [D] [thread 18718] [17.0] [cxt 0] Processing packet received on port 3
[08:17:23.343] [bmv2] [D] [thread 18718] [17.0] [cxt 0] Parser 'parser': start
[08:17:23.343] [bmv2] [D] [thread 18718] [17.0] [cxt 0] Parser 'parser' entering state 'start'
[08:17:23.343] [bmv2] [D] [thread 18718] [17.0] [cxt 0] Extracting header 'ethernet'
[08:17:23.343] [bmv2] [D] [thread 18718] [17.0] [cxt 0] Parser state 'start' has no switch, going to default next state
[08:17:23.343] [bmv2] [T] [thread 18718] [17.0] [cxt 0] Bytes parsed: 14
[08:17:23.343] [bmv2] [D] [thread 18718] [17.0] [cxt 0] Parser 'parser': end
[08:17:23.343] [bmv2] [D] [thread 18718] [17.0] [cxt 0] Pipeline 'ingress': start
[08:17:23.343] [bmv2] [T] [thread 18718] [17.0] [cxt 0] Applying table 'MyIngress.forward'
[08:17:23.343] [bmv2] [D] [thread 18718] [17.0] [cxt 0] Looking up key:
* hdr.ethernet.dstAddr: 00000a000002

[08:17:23.343] [bmv2] [D] [thread 18718] [17.0] [cxt 0] Table 'MyIngress.forward': hit with handle 1
[08:17:23.343] [bmv2] [D] [thread 18718] [17.0] [cxt 0] Dumping entry 1
Match key:
* hdr.ethernet.dstAddr: EXACT     00000a000002
Action entry: MyIngress.set_egress_specs - 2,

[08:17:23.343] [bmv2] [D] [thread 18718] [17.0] [cxt 0] Action entry is MyIngress.set_egress_specs - 2,
[08:17:23.343] [bmv2] [T] [thread 18718] [17.0] [cxt 0] Action MyIngress.set_egress_specs
[08:17:23.343] [bmv2] [T] [thread 18718] [17.0] [cxt 0] p4src/l2_basic_forwarding.p4(69) Primitive standard_metadata.egress_spec = egress_port
[08:17:23.343] [bmv2] [D] [thread 18718] [17.0] [cxt 0] Pipeline 'ingress': end
[08:17:23.343] [bmv2] [D] [thread 18718] [17.0] [cxt 0] Egress port is 2
[08:17:23.343] [bmv2] [D] [thread 18721] [17.0] [cxt 0] Pipeline 'egress': start
[08:17:23.343] [bmv2] [D] [thread 18721] [17.0] [cxt 0] Pipeline 'egress': end
[08:17:23.343] [bmv2] [D] [thread 18721] [17.0] [cxt 0] Deparser 'deparser': start
[08:17:23.343] [bmv2] [D] [thread 18721] [17.0] [cxt 0] Deparsing header 'ethernet'
[08:17:23.343] [bmv2] [D] [thread 18721] [17.0] [cxt 0] Deparser 'deparser': end
[08:17:23.344] [bmv2] [D] [thread 18723] [17.0] [cxt 0] Transmitting packet of size 98 out of port 2
[08:17:23.345] [bmv2] [D] [thread 18718] [18.0] [cxt 0] Processing packet received on port 2
[08:17:23.345] [bmv2] [D] [thread 18718] [18.0] [cxt 0] Parser 'parser': start
[08:17:23.345] [bmv2] [D] [thread 18718] [18.0] [cxt 0] Parser 'parser' entering state 'start'
[08:17:23.345] [bmv2] [D] [thread 18718] [18.0] [cxt 0] Extracting header 'ethernet'
[08:17:23.345] [bmv2] [D] [thread 18718] [18.0] [cxt 0] Parser state 'start' has no switch, going to default next state
[08:17:23.345] [bmv2] [T] [thread 18718] [18.0] [cxt 0] Bytes parsed: 14
[08:17:23.345] [bmv2] [D] [thread 18718] [18.0] [cxt 0] Parser 'parser': end
[08:17:23.345] [bmv2] [D] [thread 18718] [18.0] [cxt 0] Pipeline 'ingress': start
[08:17:23.345] [bmv2] [T] [thread 18718] [18.0] [cxt 0] Applying table 'MyIngress.forward'
[08:17:23.345] [bmv2] [D] [thread 18718] [18.0] [cxt 0] Looking up key:
* hdr.ethernet.dstAddr: 00000a000004

[08:17:23.345] [bmv2] [D] [thread 18718] [18.0] [cxt 0] Table 'MyIngress.forward': hit with handle 3
[08:17:23.345] [bmv2] [D] [thread 18718] [18.0] [cxt 0] Dumping entry 3
Match key:
* hdr.ethernet.dstAddr: EXACT     00000a000004
Action entry: MyIngress.set_egress_specs - 4,

[08:17:23.345] [bmv2] [D] [thread 18718] [18.0] [cxt 0] Action entry is MyIngress.set_egress_specs - 4,
[08:17:23.346] [bmv2] [T] [thread 18718] [18.0] [cxt 0] Action MyIngress.set_egress_specs
[08:17:23.346] [bmv2] [T] [thread 18718] [18.0] [cxt 0] p4src/l2_basic_forwarding.p4(69) Primitive standard_metadata.egress_spec = egress_port
[08:17:23.346] [bmv2] [D] [thread 18718] [18.0] [cxt 0] Pipeline 'ingress': end
[08:17:23.346] [bmv2] [D] [thread 18718] [18.0] [cxt 0] Egress port is 4
[08:17:23.346] [bmv2] [D] [thread 18719] [18.0] [cxt 0] Pipeline 'egress': start
[08:17:23.346] [bmv2] [D] [thread 18719] [18.0] [cxt 0] Pipeline 'egress': end
[08:17:23.346] [bmv2] [D] [thread 18719] [18.0] [cxt 0] Deparser 'deparser': start
[08:17:23.346] [bmv2] [D] [thread 18719] [18.0] [cxt 0] Deparsing header 'ethernet'
[08:17:23.346] [bmv2] [D] [thread 18719] [18.0] [cxt 0] Deparser 'deparser': end
[08:17:23.346] [bmv2] [D] [thread 18723] [18.0] [cxt 0] Transmitting packet of size 98 out of port 4
[08:17:23.346] [bmv2] [D] [thread 18718] [19.0] [cxt 0] Processing packet received on port 4
[08:17:23.346] [bmv2] [D] [thread 18718] [19.0] [cxt 0] Parser 'parser': start
[08:17:23.346] [bmv2] [D] [thread 18718] [19.0] [cxt 0] Parser 'parser' entering state 'start'
[08:17:23.346] [bmv2] [D] [thread 18718] [19.0] [cxt 0] Extracting header 'ethernet'
[08:17:23.346] [bmv2] [D] [thread 18718] [19.0] [cxt 0] Parser state 'start' has no switch, going to default next state
[08:17:23.346] [bmv2] [T] [thread 18718] [19.0] [cxt 0] Bytes parsed: 14
[08:17:23.346] [bmv2] [D] [thread 18718] [19.0] [cxt 0] Parser 'parser': end
[08:17:23.346] [bmv2] [D] [thread 18718] [19.0] [cxt 0] Pipeline 'ingress': start
[08:17:23.346] [bmv2] [T] [thread 18718] [19.0] [cxt 0] Applying table 'MyIngress.forward'
[08:17:23.346] [bmv2] [D] [thread 18718] [19.0] [cxt 0] Looking up key:
* hdr.ethernet.dstAddr: 00000a000002

[08:17:23.346] [bmv2] [D] [thread 18718] [19.0] [cxt 0] Table 'MyIngress.forward': hit with handle 1
[08:17:23.346] [bmv2] [D] [thread 18718] [19.0] [cxt 0] Dumping entry 1
Match key:
* hdr.ethernet.dstAddr: EXACT     00000a000002
Action entry: MyIngress.set_egress_specs - 2,

[08:17:23.346] [bmv2] [D] [thread 18718] [19.0] [cxt 0] Action entry is MyIngress.set_egress_specs - 2,
[08:17:23.346] [bmv2] [T] [thread 18718] [19.0] [cxt 0] Action MyIngress.set_egress_specs
[08:17:23.346] [bmv2] [T] [thread 18718] [19.0] [cxt 0] p4src/l2_basic_forwarding.p4(69) Primitive standard_metadata.egress_spec = egress_port
[08:17:23.346] [bmv2] [D] [thread 18718] [19.0] [cxt 0] Pipeline 'ingress': end
[08:17:23.346] [bmv2] [D] [thread 18718] [19.0] [cxt 0] Egress port is 2
[08:17:23.346] [bmv2] [D] [thread 18721] [19.0] [cxt 0] Pipeline 'egress': start
[08:17:23.346] [bmv2] [D] [thread 18721] [19.0] [cxt 0] Pipeline 'egress': end
[08:17:23.346] [bmv2] [D] [thread 18721] [19.0] [cxt 0] Deparser 'deparser': start
[08:17:23.346] [bmv2] [D] [thread 18721] [19.0] [cxt 0] Deparsing header 'ethernet'
[08:17:23.346] [bmv2] [D] [thread 18721] [19.0] [cxt 0] Deparser 'deparser': end
[08:17:23.347] [bmv2] [D] [thread 18723] [19.0] [cxt 0] Transmitting packet of size 98 out of port 2
[08:17:23.349] [bmv2] [D] [thread 18718] [20.0] [cxt 0] Processing packet received on port 3
[08:17:23.349] [bmv2] [D] [thread 18718] [20.0] [cxt 0] Parser 'parser': start
[08:17:23.349] [bmv2] [D] [thread 18718] [20.0] [cxt 0] Parser 'parser' entering state 'start'
[08:17:23.349] [bmv2] [D] [thread 18718] [20.0] [cxt 0] Extracting header 'ethernet'
[08:17:23.349] [bmv2] [D] [thread 18718] [20.0] [cxt 0] Parser state 'start' has no switch, going to default next state
[08:17:23.349] [bmv2] [T] [thread 18718] [20.0] [cxt 0] Bytes parsed: 14
[08:17:23.349] [bmv2] [D] [thread 18718] [20.0] [cxt 0] Parser 'parser': end
[08:17:23.349] [bmv2] [D] [thread 18718] [20.0] [cxt 0] Pipeline 'ingress': start
[08:17:23.349] [bmv2] [T] [thread 18718] [20.0] [cxt 0] Applying table 'MyIngress.forward'
[08:17:23.349] [bmv2] [D] [thread 18718] [20.0] [cxt 0] Looking up key:
* hdr.ethernet.dstAddr: 00000a000001

[08:17:23.349] [bmv2] [D] [thread 18718] [20.0] [cxt 0] Table 'MyIngress.forward': hit with handle 0
[08:17:23.349] [bmv2] [D] [thread 18718] [20.0] [cxt 0] Dumping entry 0
Match key:
* hdr.ethernet.dstAddr: EXACT     00000a000001
Action entry: MyIngress.set_egress_specs - 1,

[08:17:23.349] [bmv2] [D] [thread 18718] [20.0] [cxt 0] Action entry is MyIngress.set_egress_specs - 1,
[08:17:23.349] [bmv2] [T] [thread 18718] [20.0] [cxt 0] Action MyIngress.set_egress_specs
[08:17:23.349] [bmv2] [T] [thread 18718] [20.0] [cxt 0] p4src/l2_basic_forwarding.p4(69) Primitive standard_metadata.egress_spec = egress_port
[08:17:23.349] [bmv2] [D] [thread 18718] [20.0] [cxt 0] Pipeline 'ingress': end
[08:17:23.349] [bmv2] [D] [thread 18718] [20.0] [cxt 0] Egress port is 1
[08:17:23.349] [bmv2] [D] [thread 18720] [20.0] [cxt 0] Pipeline 'egress': start
[08:17:23.349] [bmv2] [D] [thread 18720] [20.0] [cxt 0] Pipeline 'egress': end
[08:17:23.349] [bmv2] [D] [thread 18720] [20.0] [cxt 0] Deparser 'deparser': start
[08:17:23.349] [bmv2] [D] [thread 18720] [20.0] [cxt 0] Deparsing header 'ethernet'
[08:17:23.349] [bmv2] [D] [thread 18720] [20.0] [cxt 0] Deparser 'deparser': end
[08:17:23.349] [bmv2] [D] [thread 18723] [20.0] [cxt 0] Transmitting packet of size 98 out of port 1
[08:17:23.349] [bmv2] [D] [thread 18718] [21.0] [cxt 0] Processing packet received on port 1
[08:17:23.349] [bmv2] [D] [thread 18718] [21.0] [cxt 0] Parser 'parser': start
[08:17:23.349] [bmv2] [D] [thread 18718] [21.0] [cxt 0] Parser 'parser' entering state 'start'
[08:17:23.349] [bmv2] [D] [thread 18718] [21.0] [cxt 0] Extracting header 'ethernet'
[08:17:23.349] [bmv2] [D] [thread 18718] [21.0] [cxt 0] Parser state 'start' has no switch, going to default next state
[08:17:23.349] [bmv2] [T] [thread 18718] [21.0] [cxt 0] Bytes parsed: 14
[08:17:23.349] [bmv2] [D] [thread 18718] [21.0] [cxt 0] Parser 'parser': end
[08:17:23.349] [bmv2] [D] [thread 18718] [21.0] [cxt 0] Pipeline 'ingress': start
[08:17:23.349] [bmv2] [T] [thread 18718] [21.0] [cxt 0] Applying table 'MyIngress.forward'
[08:17:23.349] [bmv2] [D] [thread 18718] [21.0] [cxt 0] Looking up key:
* hdr.ethernet.dstAddr: 00000a000003

[08:17:23.349] [bmv2] [D] [thread 18718] [21.0] [cxt 0] Table 'MyIngress.forward': hit with handle 2
[08:17:23.350] [bmv2] [D] [thread 18718] [21.0] [cxt 0] Dumping entry 2
Match key:
* hdr.ethernet.dstAddr: EXACT     00000a000003
Action entry: MyIngress.set_egress_specs - 3,

[08:17:23.350] [bmv2] [D] [thread 18718] [21.0] [cxt 0] Action entry is MyIngress.set_egress_specs - 3,
[08:17:23.350] [bmv2] [T] [thread 18718] [21.0] [cxt 0] Action MyIngress.set_egress_specs
[08:17:23.350] [bmv2] [T] [thread 18718] [21.0] [cxt 0] p4src/l2_basic_forwarding.p4(69) Primitive standard_metadata.egress_spec = egress_port
[08:17:23.350] [bmv2] [D] [thread 18718] [21.0] [cxt 0] Pipeline 'ingress': end
[08:17:23.350] [bmv2] [D] [thread 18718] [21.0] [cxt 0] Egress port is 3
[08:17:23.350] [bmv2] [D] [thread 18722] [21.0] [cxt 0] Pipeline 'egress': start
[08:17:23.350] [bmv2] [D] [thread 18722] [21.0] [cxt 0] Pipeline 'egress': end
[08:17:23.350] [bmv2] [D] [thread 18722] [21.0] [cxt 0] Deparser 'deparser': start
[08:17:23.350] [bmv2] [D] [thread 18722] [21.0] [cxt 0] Deparsing header 'ethernet'
[08:17:23.350] [bmv2] [D] [thread 18722] [21.0] [cxt 0] Deparser 'deparser': end
[08:17:23.350] [bmv2] [D] [thread 18723] [21.0] [cxt 0] Transmitting packet of size 98 out of port 3
[08:17:23.352] [bmv2] [D] [thread 18718] [22.0] [cxt 0] Processing packet received on port 3
[08:17:23.352] [bmv2] [D] [thread 18718] [22.0] [cxt 0] Parser 'parser': start
[08:17:23.352] [bmv2] [D] [thread 18718] [22.0] [cxt 0] Parser 'parser' entering state 'start'
[08:17:23.352] [bmv2] [D] [thread 18718] [22.0] [cxt 0] Extracting header 'ethernet'
[08:17:23.352] [bmv2] [D] [thread 18718] [22.0] [cxt 0] Parser state 'start' has no switch, going to default next state
[08:17:23.352] [bmv2] [T] [thread 18718] [22.0] [cxt 0] Bytes parsed: 14
[08:17:23.352] [bmv2] [D] [thread 18718] [22.0] [cxt 0] Parser 'parser': end
[08:17:23.352] [bmv2] [D] [thread 18718] [22.0] [cxt 0] Pipeline 'ingress': start
[08:17:23.352] [bmv2] [T] [thread 18718] [22.0] [cxt 0] Applying table 'MyIngress.forward'
[08:17:23.352] [bmv2] [D] [thread 18718] [22.0] [cxt 0] Looking up key:
* hdr.ethernet.dstAddr: 00000a000002

[08:17:23.352] [bmv2] [D] [thread 18718] [22.0] [cxt 0] Table 'MyIngress.forward': hit with handle 1
[08:17:23.352] [bmv2] [D] [thread 18718] [22.0] [cxt 0] Dumping entry 1
Match key:
* hdr.ethernet.dstAddr: EXACT     00000a000002
Action entry: MyIngress.set_egress_specs - 2,

[08:17:23.352] [bmv2] [D] [thread 18718] [22.0] [cxt 0] Action entry is MyIngress.set_egress_specs - 2,
[08:17:23.352] [bmv2] [T] [thread 18718] [22.0] [cxt 0] Action MyIngress.set_egress_specs
[08:17:23.352] [bmv2] [T] [thread 18718] [22.0] [cxt 0] p4src/l2_basic_forwarding.p4(69) Primitive standard_metadata.egress_spec = egress_port
[08:17:23.352] [bmv2] [D] [thread 18718] [22.0] [cxt 0] Pipeline 'ingress': end
[08:17:23.352] [bmv2] [D] [thread 18718] [22.0] [cxt 0] Egress port is 2
[08:17:23.352] [bmv2] [D] [thread 18721] [22.0] [cxt 0] Pipeline 'egress': start
[08:17:23.352] [bmv2] [D] [thread 18721] [22.0] [cxt 0] Pipeline 'egress': end
[08:17:23.352] [bmv2] [D] [thread 18721] [22.0] [cxt 0] Deparser 'deparser': start
[08:17:23.352] [bmv2] [D] [thread 18721] [22.0] [cxt 0] Deparsing header 'ethernet'
[08:17:23.352] [bmv2] [D] [thread 18721] [22.0] [cxt 0] Deparser 'deparser': end
[08:17:23.352] [bmv2] [D] [thread 18723] [22.0] [cxt 0] Transmitting packet of size 98 out of port 2
[08:17:23.352] [bmv2] [D] [thread 18718] [23.0] [cxt 0] Processing packet received on port 2
[08:17:23.353] [bmv2] [D] [thread 18718] [23.0] [cxt 0] Parser 'parser': start
[08:17:23.353] [bmv2] [D] [thread 18718] [23.0] [cxt 0] Parser 'parser' entering state 'start'
[08:17:23.353] [bmv2] [D] [thread 18718] [23.0] [cxt 0] Extracting header 'ethernet'
[08:17:23.353] [bmv2] [D] [thread 18718] [23.0] [cxt 0] Parser state 'start' has no switch, going to default next state
[08:17:23.353] [bmv2] [T] [thread 18718] [23.0] [cxt 0] Bytes parsed: 14
[08:17:23.353] [bmv2] [D] [thread 18718] [23.0] [cxt 0] Parser 'parser': end
[08:17:23.353] [bmv2] [D] [thread 18718] [23.0] [cxt 0] Pipeline 'ingress': start
[08:17:23.353] [bmv2] [T] [thread 18718] [23.0] [cxt 0] Applying table 'MyIngress.forward'
[08:17:23.353] [bmv2] [D] [thread 18718] [23.0] [cxt 0] Looking up key:
* hdr.ethernet.dstAddr: 00000a000003

[08:17:23.353] [bmv2] [D] [thread 18718] [23.0] [cxt 0] Table 'MyIngress.forward': hit with handle 2
[08:17:23.353] [bmv2] [D] [thread 18718] [23.0] [cxt 0] Dumping entry 2
Match key:
* hdr.ethernet.dstAddr: EXACT     00000a000003
Action entry: MyIngress.set_egress_specs - 3,

[08:17:23.353] [bmv2] [D] [thread 18718] [23.0] [cxt 0] Action entry is MyIngress.set_egress_specs - 3,
[08:17:23.353] [bmv2] [T] [thread 18718] [23.0] [cxt 0] Action MyIngress.set_egress_specs
[08:17:23.353] [bmv2] [T] [thread 18718] [23.0] [cxt 0] p4src/l2_basic_forwarding.p4(69) Primitive standard_metadata.egress_spec = egress_port
[08:17:23.353] [bmv2] [D] [thread 18718] [23.0] [cxt 0] Pipeline 'ingress': end
[08:17:23.353] [bmv2] [D] [thread 18718] [23.0] [cxt 0] Egress port is 3
[08:17:23.353] [bmv2] [D] [thread 18722] [23.0] [cxt 0] Pipeline 'egress': start
[08:17:23.353] [bmv2] [D] [thread 18722] [23.0] [cxt 0] Pipeline 'egress': end
[08:17:23.353] [bmv2] [D] [thread 18722] [23.0] [cxt 0] Deparser 'deparser': start
[08:17:23.353] [bmv2] [D] [thread 18722] [23.0] [cxt 0] Deparsing header 'ethernet'
[08:17:23.353] [bmv2] [D] [thread 18722] [23.0] [cxt 0] Deparser 'deparser': end
[08:17:23.353] [bmv2] [D] [thread 18723] [23.0] [cxt 0] Transmitting packet of size 98 out of port 3
[08:17:23.358] [bmv2] [D] [thread 18718] [24.0] [cxt 0] Processing packet received on port 3
[08:17:23.358] [bmv2] [D] [thread 18718] [24.0] [cxt 0] Parser 'parser': start
[08:17:23.358] [bmv2] [D] [thread 18718] [24.0] [cxt 0] Parser 'parser' entering state 'start'
[08:17:23.358] [bmv2] [D] [thread 18718] [24.0] [cxt 0] Extracting header 'ethernet'
[08:17:23.358] [bmv2] [D] [thread 18718] [24.0] [cxt 0] Parser state 'start' has no switch, going to default next state
[08:17:23.358] [bmv2] [T] [thread 18718] [24.0] [cxt 0] Bytes parsed: 14
[08:17:23.358] [bmv2] [D] [thread 18718] [24.0] [cxt 0] Parser 'parser': end
[08:17:23.358] [bmv2] [D] [thread 18718] [24.0] [cxt 0] Pipeline 'ingress': start
[08:17:23.358] [bmv2] [T] [thread 18718] [24.0] [cxt 0] Applying table 'MyIngress.forward'
[08:17:23.358] [bmv2] [D] [thread 18718] [24.0] [cxt 0] Looking up key:
* hdr.ethernet.dstAddr: 00000a000004

[08:17:23.358] [bmv2] [D] [thread 18718] [24.0] [cxt 0] Table 'MyIngress.forward': hit with handle 3
[08:17:23.358] [bmv2] [D] [thread 18718] [24.0] [cxt 0] Dumping entry 3
Match key:
* hdr.ethernet.dstAddr: EXACT     00000a000004
Action entry: MyIngress.set_egress_specs - 4,

[08:17:23.358] [bmv2] [D] [thread 18718] [24.0] [cxt 0] Action entry is MyIngress.set_egress_specs - 4,
[08:17:23.358] [bmv2] [T] [thread 18718] [24.0] [cxt 0] Action MyIngress.set_egress_specs
[08:17:23.358] [bmv2] [T] [thread 18718] [24.0] [cxt 0] p4src/l2_basic_forwarding.p4(69) Primitive standard_metadata.egress_spec = egress_port
[08:17:23.358] [bmv2] [D] [thread 18718] [24.0] [cxt 0] Pipeline 'ingress': end
[08:17:23.358] [bmv2] [D] [thread 18718] [24.0] [cxt 0] Egress port is 4
[08:17:23.358] [bmv2] [D] [thread 18719] [24.0] [cxt 0] Pipeline 'egress': start
[08:17:23.358] [bmv2] [D] [thread 18719] [24.0] [cxt 0] Pipeline 'egress': end
[08:17:23.358] [bmv2] [D] [thread 18719] [24.0] [cxt 0] Deparser 'deparser': start
[08:17:23.358] [bmv2] [D] [thread 18719] [24.0] [cxt 0] Deparsing header 'ethernet'
[08:17:23.358] [bmv2] [D] [thread 18719] [24.0] [cxt 0] Deparser 'deparser': end
[08:17:23.358] [bmv2] [D] [thread 18723] [24.0] [cxt 0] Transmitting packet of size 98 out of port 4
[08:17:23.359] [bmv2] [D] [thread 18718] [25.0] [cxt 0] Processing packet received on port 4
[08:17:23.359] [bmv2] [D] [thread 18718] [25.0] [cxt 0] Parser 'parser': start
[08:17:23.359] [bmv2] [D] [thread 18718] [25.0] [cxt 0] Parser 'parser' entering state 'start'
[08:17:23.359] [bmv2] [D] [thread 18718] [25.0] [cxt 0] Extracting header 'ethernet'
[08:17:23.359] [bmv2] [D] [thread 18718] [25.0] [cxt 0] Parser state 'start' has no switch, going to default next state
[08:17:23.359] [bmv2] [T] [thread 18718] [25.0] [cxt 0] Bytes parsed: 14
[08:17:23.359] [bmv2] [D] [thread 18718] [25.0] [cxt 0] Parser 'parser': end
[08:17:23.359] [bmv2] [D] [thread 18718] [25.0] [cxt 0] Pipeline 'ingress': start
[08:17:23.359] [bmv2] [T] [thread 18718] [25.0] [cxt 0] Applying table 'MyIngress.forward'
[08:17:23.359] [bmv2] [D] [thread 18718] [25.0] [cxt 0] Looking up key:
* hdr.ethernet.dstAddr: 00000a000003

[08:17:23.359] [bmv2] [D] [thread 18718] [25.0] [cxt 0] Table 'MyIngress.forward': hit with handle 2
[08:17:23.359] [bmv2] [D] [thread 18718] [25.0] [cxt 0] Dumping entry 2
Match key:
* hdr.ethernet.dstAddr: EXACT     00000a000003
Action entry: MyIngress.set_egress_specs - 3,

[08:17:23.359] [bmv2] [D] [thread 18718] [25.0] [cxt 0] Action entry is MyIngress.set_egress_specs - 3,
[08:17:23.359] [bmv2] [T] [thread 18718] [25.0] [cxt 0] Action MyIngress.set_egress_specs
[08:17:23.359] [bmv2] [T] [thread 18718] [25.0] [cxt 0] p4src/l2_basic_forwarding.p4(69) Primitive standard_metadata.egress_spec = egress_port
[08:17:23.359] [bmv2] [D] [thread 18718] [25.0] [cxt 0] Pipeline 'ingress': end
[08:17:23.359] [bmv2] [D] [thread 18718] [25.0] [cxt 0] Egress port is 3
[08:17:23.359] [bmv2] [D] [thread 18722] [25.0] [cxt 0] Pipeline 'egress': start
[08:17:23.359] [bmv2] [D] [thread 18722] [25.0] [cxt 0] Pipeline 'egress': end
[08:17:23.359] [bmv2] [D] [thread 18722] [25.0] [cxt 0] Deparser 'deparser': start
[08:17:23.359] [bmv2] [D] [thread 18722] [25.0] [cxt 0] Deparsing header 'ethernet'
[08:17:23.359] [bmv2] [D] [thread 18722] [25.0] [cxt 0] Deparser 'deparser': end
[08:17:23.359] [bmv2] [D] [thread 18723] [25.0] [cxt 0] Transmitting packet of size 98 out of port 3
[08:17:23.361] [bmv2] [D] [thread 18718] [26.0] [cxt 0] Processing packet received on port 4
[08:17:23.361] [bmv2] [D] [thread 18718] [26.0] [cxt 0] Parser 'parser': start
[08:17:23.361] [bmv2] [D] [thread 18718] [26.0] [cxt 0] Parser 'parser' entering state 'start'
[08:17:23.361] [bmv2] [D] [thread 18718] [26.0] [cxt 0] Extracting header 'ethernet'
[08:17:23.361] [bmv2] [D] [thread 18718] [26.0] [cxt 0] Parser state 'start' has no switch, going to default next state
[08:17:23.361] [bmv2] [T] [thread 18718] [26.0] [cxt 0] Bytes parsed: 14
[08:17:23.361] [bmv2] [D] [thread 18718] [26.0] [cxt 0] Parser 'parser': end
[08:17:23.361] [bmv2] [D] [thread 18718] [26.0] [cxt 0] Pipeline 'ingress': start
[08:17:23.361] [bmv2] [T] [thread 18718] [26.0] [cxt 0] Applying table 'MyIngress.forward'
[08:17:23.361] [bmv2] [D] [thread 18718] [26.0] [cxt 0] Looking up key:
* hdr.ethernet.dstAddr: 00000a000001

[08:17:23.361] [bmv2] [D] [thread 18718] [26.0] [cxt 0] Table 'MyIngress.forward': hit with handle 0
[08:17:23.361] [bmv2] [D] [thread 18718] [26.0] [cxt 0] Dumping entry 0
Match key:
* hdr.ethernet.dstAddr: EXACT     00000a000001
Action entry: MyIngress.set_egress_specs - 1,

[08:17:23.361] [bmv2] [D] [thread 18718] [26.0] [cxt 0] Action entry is MyIngress.set_egress_specs - 1,
[08:17:23.361] [bmv2] [T] [thread 18718] [26.0] [cxt 0] Action MyIngress.set_egress_specs
[08:17:23.361] [bmv2] [T] [thread 18718] [26.0] [cxt 0] p4src/l2_basic_forwarding.p4(69) Primitive standard_metadata.egress_spec = egress_port
[08:17:23.361] [bmv2] [D] [thread 18718] [26.0] [cxt 0] Pipeline 'ingress': end
[08:17:23.361] [bmv2] [D] [thread 18718] [26.0] [cxt 0] Egress port is 1
[08:17:23.361] [bmv2] [D] [thread 18720] [26.0] [cxt 0] Pipeline 'egress': start
[08:17:23.361] [bmv2] [D] [thread 18720] [26.0] [cxt 0] Pipeline 'egress': end
[08:17:23.361] [bmv2] [D] [thread 18720] [26.0] [cxt 0] Deparser 'deparser': start
[08:17:23.361] [bmv2] [D] [thread 18720] [26.0] [cxt 0] Deparsing header 'ethernet'
[08:17:23.361] [bmv2] [D] [thread 18720] [26.0] [cxt 0] Deparser 'deparser': end
[08:17:23.361] [bmv2] [D] [thread 18723] [26.0] [cxt 0] Transmitting packet of size 98 out of port 1
[08:17:23.362] [bmv2] [D] [thread 18718] [27.0] [cxt 0] Processing packet received on port 1
[08:17:23.362] [bmv2] [D] [thread 18718] [27.0] [cxt 0] Parser 'parser': start
[08:17:23.362] [bmv2] [D] [thread 18718] [27.0] [cxt 0] Parser 'parser' entering state 'start'
[08:17:23.362] [bmv2] [D] [thread 18718] [27.0] [cxt 0] Extracting header 'ethernet'
[08:17:23.362] [bmv2] [D] [thread 18718] [27.0] [cxt 0] Parser state 'start' has no switch, going to default next state
[08:17:23.362] [bmv2] [T] [thread 18718] [27.0] [cxt 0] Bytes parsed: 14
[08:17:23.362] [bmv2] [D] [thread 18718] [27.0] [cxt 0] Parser 'parser': end
[08:17:23.362] [bmv2] [D] [thread 18718] [27.0] [cxt 0] Pipeline 'ingress': start
[08:17:23.362] [bmv2] [T] [thread 18718] [27.0] [cxt 0] Applying table 'MyIngress.forward'
[08:17:23.362] [bmv2] [D] [thread 18718] [27.0] [cxt 0] Looking up key:
* hdr.ethernet.dstAddr: 00000a000004

[08:17:23.362] [bmv2] [D] [thread 18718] [27.0] [cxt 0] Table 'MyIngress.forward': hit with handle 3
[08:17:23.362] [bmv2] [D] [thread 18718] [27.0] [cxt 0] Dumping entry 3
Match key:
* hdr.ethernet.dstAddr: EXACT     00000a000004
Action entry: MyIngress.set_egress_specs - 4,

[08:17:23.362] [bmv2] [D] [thread 18718] [27.0] [cxt 0] Action entry is MyIngress.set_egress_specs - 4,
[08:17:23.362] [bmv2] [T] [thread 18718] [27.0] [cxt 0] Action MyIngress.set_egress_specs
[08:17:23.362] [bmv2] [T] [thread 18718] [27.0] [cxt 0] p4src/l2_basic_forwarding.p4(69) Primitive standard_metadata.egress_spec = egress_port
[08:17:23.362] [bmv2] [D] [thread 18718] [27.0] [cxt 0] Pipeline 'ingress': end
[08:17:23.362] [bmv2] [D] [thread 18718] [27.0] [cxt 0] Egress port is 4
[08:17:23.362] [bmv2] [D] [thread 18719] [27.0] [cxt 0] Pipeline 'egress': start
[08:17:23.362] [bmv2] [D] [thread 18719] [27.0] [cxt 0] Pipeline 'egress': end
[08:17:23.362] [bmv2] [D] [thread 18719] [27.0] [cxt 0] Deparser 'deparser': start
[08:17:23.362] [bmv2] [D] [thread 18719] [27.0] [cxt 0] Deparsing header 'ethernet'
[08:17:23.362] [bmv2] [D] [thread 18719] [27.0] [cxt 0] Deparser 'deparser': end
[08:17:23.362] [bmv2] [D] [thread 18723] [27.0] [cxt 0] Transmitting packet of size 98 out of port 4
[08:17:23.364] [bmv2] [D] [thread 18718] [28.0] [cxt 0] Processing packet received on port 4
[08:17:23.364] [bmv2] [D] [thread 18718] [28.0] [cxt 0] Parser 'parser': start
[08:17:23.364] [bmv2] [D] [thread 18718] [28.0] [cxt 0] Parser 'parser' entering state 'start'
[08:17:23.364] [bmv2] [D] [thread 18718] [28.0] [cxt 0] Extracting header 'ethernet'
[08:17:23.364] [bmv2] [D] [thread 18718] [28.0] [cxt 0] Parser state 'start' has no switch, going to default next state
[08:17:23.364] [bmv2] [T] [thread 18718] [28.0] [cxt 0] Bytes parsed: 14
[08:17:23.364] [bmv2] [D] [thread 18718] [28.0] [cxt 0] Parser 'parser': end
[08:17:23.364] [bmv2] [D] [thread 18718] [28.0] [cxt 0] Pipeline 'ingress': start
[08:17:23.364] [bmv2] [T] [thread 18718] [28.0] [cxt 0] Applying table 'MyIngress.forward'
[08:17:23.364] [bmv2] [D] [thread 18718] [28.0] [cxt 0] Looking up key:
* hdr.ethernet.dstAddr: 00000a000002

[08:17:23.364] [bmv2] [D] [thread 18718] [28.0] [cxt 0] Table 'MyIngress.forward': hit with handle 1
[08:17:23.364] [bmv2] [D] [thread 18718] [28.0] [cxt 0] Dumping entry 1
Match key:
* hdr.ethernet.dstAddr: EXACT     00000a000002
Action entry: MyIngress.set_egress_specs - 2,

[08:17:23.364] [bmv2] [D] [thread 18718] [28.0] [cxt 0] Action entry is MyIngress.set_egress_specs - 2,
[08:17:23.364] [bmv2] [T] [thread 18718] [28.0] [cxt 0] Action MyIngress.set_egress_specs
[08:17:23.364] [bmv2] [T] [thread 18718] [28.0] [cxt 0] p4src/l2_basic_forwarding.p4(69) Primitive standard_metadata.egress_spec = egress_port
[08:17:23.364] [bmv2] [D] [thread 18718] [28.0] [cxt 0] Pipeline 'ingress': end
[08:17:23.364] [bmv2] [D] [thread 18718] [28.0] [cxt 0] Egress port is 2
[08:17:23.364] [bmv2] [D] [thread 18721] [28.0] [cxt 0] Pipeline 'egress': start
[08:17:23.364] [bmv2] [D] [thread 18721] [28.0] [cxt 0] Pipeline 'egress': end
[08:17:23.364] [bmv2] [D] [thread 18721] [28.0] [cxt 0] Deparser 'deparser': start
[08:17:23.364] [bmv2] [D] [thread 18721] [28.0] [cxt 0] Deparsing header 'ethernet'
[08:17:23.364] [bmv2] [D] [thread 18721] [28.0] [cxt 0] Deparser 'deparser': end
[08:17:23.364] [bmv2] [D] [thread 18723] [28.0] [cxt 0] Transmitting packet of size 98 out of port 2
[08:17:23.364] [bmv2] [D] [thread 18718] [29.0] [cxt 0] Processing packet received on port 2
[08:17:23.364] [bmv2] [D] [thread 18718] [29.0] [cxt 0] Parser 'parser': start
[08:17:23.364] [bmv2] [D] [thread 18718] [29.0] [cxt 0] Parser 'parser' entering state 'start'
[08:17:23.364] [bmv2] [D] [thread 18718] [29.0] [cxt 0] Extracting header 'ethernet'
[08:17:23.364] [bmv2] [D] [thread 18718] [29.0] [cxt 0] Parser state 'start' has no switch, going to default next state
[08:17:23.364] [bmv2] [T] [thread 18718] [29.0] [cxt 0] Bytes parsed: 14
[08:17:23.364] [bmv2] [D] [thread 18718] [29.0] [cxt 0] Parser 'parser': end
[08:17:23.364] [bmv2] [D] [thread 18718] [29.0] [cxt 0] Pipeline 'ingress': start
[08:17:23.364] [bmv2] [T] [thread 18718] [29.0] [cxt 0] Applying table 'MyIngress.forward'
[08:17:23.365] [bmv2] [D] [thread 18718] [29.0] [cxt 0] Looking up key:
* hdr.ethernet.dstAddr: 00000a000004

[08:17:23.365] [bmv2] [D] [thread 18718] [29.0] [cxt 0] Table 'MyIngress.forward': hit with handle 3
[08:17:23.365] [bmv2] [D] [thread 18718] [29.0] [cxt 0] Dumping entry 3
Match key:
* hdr.ethernet.dstAddr: EXACT     00000a000004
Action entry: MyIngress.set_egress_specs - 4,

[08:17:23.365] [bmv2] [D] [thread 18718] [29.0] [cxt 0] Action entry is MyIngress.set_egress_specs - 4,
[08:17:23.365] [bmv2] [T] [thread 18718] [29.0] [cxt 0] Action MyIngress.set_egress_specs
[08:17:23.365] [bmv2] [T] [thread 18718] [29.0] [cxt 0] p4src/l2_basic_forwarding.p4(69) Primitive standard_metadata.egress_spec = egress_port
[08:17:23.365] [bmv2] [D] [thread 18718] [29.0] [cxt 0] Pipeline 'ingress': end
[08:17:23.365] [bmv2] [D] [thread 18718] [29.0] [cxt 0] Egress port is 4
[08:17:23.365] [bmv2] [D] [thread 18719] [29.0] [cxt 0] Pipeline 'egress': start
[08:17:23.365] [bmv2] [D] [thread 18719] [29.0] [cxt 0] Pipeline 'egress': end
[08:17:23.365] [bmv2] [D] [thread 18719] [29.0] [cxt 0] Deparser 'deparser': start
[08:17:23.365] [bmv2] [D] [thread 18719] [29.0] [cxt 0] Deparsing header 'ethernet'
[08:17:23.365] [bmv2] [D] [thread 18719] [29.0] [cxt 0] Deparser 'deparser': end
[08:17:23.365] [bmv2] [D] [thread 18723] [29.0] [cxt 0] Transmitting packet of size 98 out of port 4
[08:17:23.366] [bmv2] [D] [thread 18718] [30.0] [cxt 0] Processing packet received on port 4
[08:17:23.366] [bmv2] [D] [thread 18718] [30.0] [cxt 0] Parser 'parser': start
[08:17:23.366] [bmv2] [D] [thread 18718] [30.0] [cxt 0] Parser 'parser' entering state 'start'
[08:17:23.366] [bmv2] [D] [thread 18718] [30.0] [cxt 0] Extracting header 'ethernet'
[08:17:23.366] [bmv2] [D] [thread 18718] [30.0] [cxt 0] Parser state 'start' has no switch, going to default next state
[08:17:23.366] [bmv2] [T] [thread 18718] [30.0] [cxt 0] Bytes parsed: 14
[08:17:23.366] [bmv2] [D] [thread 18718] [30.0] [cxt 0] Parser 'parser': end
[08:17:23.367] [bmv2] [D] [thread 18718] [30.0] [cxt 0] Pipeline 'ingress': start
[08:17:23.367] [bmv2] [T] [thread 18718] [30.0] [cxt 0] Applying table 'MyIngress.forward'
[08:17:23.367] [bmv2] [D] [thread 18718] [30.0] [cxt 0] Looking up key:
* hdr.ethernet.dstAddr: 00000a000003

[08:17:23.367] [bmv2] [D] [thread 18718] [30.0] [cxt 0] Table 'MyIngress.forward': hit with handle 2
[08:17:23.367] [bmv2] [D] [thread 18718] [30.0] [cxt 0] Dumping entry 2
Match key:
* hdr.ethernet.dstAddr: EXACT     00000a000003
Action entry: MyIngress.set_egress_specs - 3,

[08:17:23.367] [bmv2] [D] [thread 18718] [30.0] [cxt 0] Action entry is MyIngress.set_egress_specs - 3,
[08:17:23.367] [bmv2] [T] [thread 18718] [30.0] [cxt 0] Action MyIngress.set_egress_specs
[08:17:23.367] [bmv2] [T] [thread 18718] [30.0] [cxt 0] p4src/l2_basic_forwarding.p4(69) Primitive standard_metadata.egress_spec = egress_port
[08:17:23.367] [bmv2] [D] [thread 18718] [30.0] [cxt 0] Pipeline 'ingress': end
[08:17:23.367] [bmv2] [D] [thread 18718] [30.0] [cxt 0] Egress port is 3
[08:17:23.367] [bmv2] [D] [thread 18722] [30.0] [cxt 0] Pipeline 'egress': start
[08:17:23.367] [bmv2] [D] [thread 18722] [30.0] [cxt 0] Pipeline 'egress': end
[08:17:23.367] [bmv2] [D] [thread 18722] [30.0] [cxt 0] Deparser 'deparser': start
[08:17:23.367] [bmv2] [D] [thread 18722] [30.0] [cxt 0] Deparsing header 'ethernet'
[08:17:23.367] [bmv2] [D] [thread 18722] [30.0] [cxt 0] Deparser 'deparser': end
[08:17:23.367] [bmv2] [D] [thread 18723] [30.0] [cxt 0] Transmitting packet of size 98 out of port 3
[08:17:23.367] [bmv2] [D] [thread 18718] [31.0] [cxt 0] Processing packet received on port 3
[08:17:23.367] [bmv2] [D] [thread 18718] [31.0] [cxt 0] Parser 'parser': start
[08:17:23.367] [bmv2] [D] [thread 18718] [31.0] [cxt 0] Parser 'parser' entering state 'start'
[08:17:23.367] [bmv2] [D] [thread 18718] [31.0] [cxt 0] Extracting header 'ethernet'
[08:17:23.367] [bmv2] [D] [thread 18718] [31.0] [cxt 0] Parser state 'start' has no switch, going to default next state
[08:17:23.367] [bmv2] [T] [thread 18718] [31.0] [cxt 0] Bytes parsed: 14
[08:17:23.367] [bmv2] [D] [thread 18718] [31.0] [cxt 0] Parser 'parser': end
[08:17:23.367] [bmv2] [D] [thread 18718] [31.0] [cxt 0] Pipeline 'ingress': start
[08:17:23.367] [bmv2] [T] [thread 18718] [31.0] [cxt 0] Applying table 'MyIngress.forward'
[08:17:23.367] [bmv2] [D] [thread 18718] [31.0] [cxt 0] Looking up key:
* hdr.ethernet.dstAddr: 00000a000004

[08:17:23.367] [bmv2] [D] [thread 18718] [31.0] [cxt 0] Table 'MyIngress.forward': hit with handle 3
[08:17:23.367] [bmv2] [D] [thread 18718] [31.0] [cxt 0] Dumping entry 3
Match key:
* hdr.ethernet.dstAddr: EXACT     00000a000004
Action entry: MyIngress.set_egress_specs - 4,

[08:17:23.367] [bmv2] [D] [thread 18718] [31.0] [cxt 0] Action entry is MyIngress.set_egress_specs - 4,
[08:17:23.367] [bmv2] [T] [thread 18718] [31.0] [cxt 0] Action MyIngress.set_egress_specs
[08:17:23.367] [bmv2] [T] [thread 18718] [31.0] [cxt 0] p4src/l2_basic_forwarding.p4(69) Primitive standard_metadata.egress_spec = egress_port
[08:17:23.367] [bmv2] [D] [thread 18718] [31.0] [cxt 0] Pipeline 'ingress': end
[08:17:23.367] [bmv2] [D] [thread 18718] [31.0] [cxt 0] Egress port is 4
[08:17:23.368] [bmv2] [D] [thread 18719] [31.0] [cxt 0] Pipeline 'egress': start
[08:17:23.368] [bmv2] [D] [thread 18719] [31.0] [cxt 0] Pipeline 'egress': end
[08:17:23.368] [bmv2] [D] [thread 18719] [31.0] [cxt 0] Deparser 'deparser': start
[08:17:23.368] [bmv2] [D] [thread 18719] [31.0] [cxt 0] Deparsing header 'ethernet'
[08:17:23.368] [bmv2] [D] [thread 18719] [31.0] [cxt 0] Deparser 'deparser': end
[08:17:23.368] [bmv2] [D] [thread 18723] [31.0] [cxt 0] Transmitting packet of size 98 out of port 4
